{"D:\\Icesi\\Semestre 7\\Compunet 3\\AromaVerse\\backend\\index.js": {"path":"D:\\Icesi\\Semestre 7\\Compunet 3\\AromaVerse\\backend\\index.js","statementMap":{"0":{"start":{"line":2,"column":22},"end":{"line":12,"column":3}},"1":{"start":{"line":3,"column":4},"end":{"line":3,"column":33}},"2":{"start":{"line":3,"column":26},"end":{"line":3,"column":33}},"3":{"start":{"line":4,"column":15},"end":{"line":4,"column":52}},"4":{"start":{"line":5,"column":4},"end":{"line":7,"column":5}},"5":{"start":{"line":6,"column":6},"end":{"line":6,"column":68}},"6":{"start":{"line":6,"column":51},"end":{"line":6,"column":63}},"7":{"start":{"line":8,"column":4},"end":{"line":8,"column":39}},"8":{"start":{"line":10,"column":4},"end":{"line":10,"column":33}},"9":{"start":{"line":10,"column":26},"end":{"line":10,"column":33}},"10":{"start":{"line":11,"column":4},"end":{"line":11,"column":17}},"11":{"start":{"line":13,"column":25},"end":{"line":17,"column":2}},"12":{"start":{"line":14,"column":4},"end":{"line":14,"column":72}},"13":{"start":{"line":16,"column":4},"end":{"line":16,"column":21}},"14":{"start":{"line":18,"column":19},"end":{"line":34,"column":4}},"15":{"start":{"line":19,"column":18},"end":{"line":26,"column":5}},"16":{"start":{"line":20,"column":8},"end":{"line":24,"column":10}},"17":{"start":{"line":21,"column":21},"end":{"line":21,"column":23}},"18":{"start":{"line":22,"column":12},"end":{"line":22,"column":95}},"19":{"start":{"line":22,"column":29},"end":{"line":22,"column":95}},"20":{"start":{"line":22,"column":77},"end":{"line":22,"column":95}},"21":{"start":{"line":23,"column":12},"end":{"line":23,"column":22}},"22":{"start":{"line":25,"column":8},"end":{"line":25,"column":26}},"23":{"start":{"line":27,"column":4},"end":{"line":33,"column":6}},"24":{"start":{"line":28,"column":8},"end":{"line":28,"column":46}},"25":{"start":{"line":28,"column":35},"end":{"line":28,"column":46}},"26":{"start":{"line":29,"column":21},"end":{"line":29,"column":23}},"27":{"start":{"line":30,"column":8},"end":{"line":30,"column":137}},"28":{"start":{"line":30,"column":25},"end":{"line":30,"column":137}},"29":{"start":{"line":30,"column":38},"end":{"line":30,"column":50}},"30":{"start":{"line":30,"column":56},"end":{"line":30,"column":57}},"31":{"start":{"line":30,"column":78},"end":{"line":30,"column":137}},"32":{"start":{"line":30,"column":102},"end":{"line":30,"column":137}},"33":{"start":{"line":31,"column":8},"end":{"line":31,"column":40}},"34":{"start":{"line":32,"column":8},"end":{"line":32,"column":22}},"35":{"start":{"line":35,"column":22},"end":{"line":37,"column":1}},"36":{"start":{"line":36,"column":4},"end":{"line":36,"column":62}},"37":{"start":{"line":38,"column":0},"end":{"line":38,"column":62}},"38":{"start":{"line":39,"column":15},"end":{"line":39,"column":46}},"39":{"start":{"line":40,"column":18},"end":{"line":40,"column":53}},"40":{"start":{"line":41,"column":13},"end":{"line":41,"column":36}},"41":{"start":{"line":42,"column":22},"end":{"line":42,"column":74}},"42":{"start":{"line":43,"column":25},"end":{"line":43,"column":80}},"43":{"start":{"line":44,"column":0},"end":{"line":44,"column":16}},"44":{"start":{"line":45,"column":12},"end":{"line":45,"column":36}},"45":{"start":{"line":46,"column":14},"end":{"line":46,"column":40}},"46":{"start":{"line":47,"column":0},"end":{"line":47,"column":34}},"47":{"start":{"line":48,"column":0},"end":{"line":48,"column":58}},"48":{"start":{"line":49,"column":0},"end":{"line":51,"column":3}},"49":{"start":{"line":50,"column":4},"end":{"line":50,"column":28}},"50":{"start":{"line":52,"column":0},"end":{"line":52,"column":41}},"51":{"start":{"line":53,"column":0},"end":{"line":53,"column":47}},"52":{"start":{"line":55,"column":0},"end":{"line":66,"column":3}},"53":{"start":{"line":57,"column":4},"end":{"line":57,"column":59}},"54":{"start":{"line":59,"column":4},"end":{"line":61,"column":7}},"55":{"start":{"line":60,"column":8},"end":{"line":60,"column":71}},"56":{"start":{"line":64,"column":4},"end":{"line":64,"column":64}},"57":{"start":{"line":65,"column":4},"end":{"line":65,"column":20}},"58":{"start":{"line":67,"column":0},"end":{"line":67,"column":22}}},"fnMap":{"0":{"name":"(anonymous_0)","decl":{"start":{"line":2,"column":74},"end":{"line":2,"column":75}},"loc":{"start":{"line":2,"column":96},"end":{"line":9,"column":1}},"line":2},"1":{"name":"(anonymous_1)","decl":{"start":{"line":6,"column":38},"end":{"line":6,"column":39}},"loc":{"start":{"line":6,"column":49},"end":{"line":6,"column":65}},"line":6},"2":{"name":"(anonymous_2)","decl":{"start":{"line":9,"column":6},"end":{"line":9,"column":7}},"loc":{"start":{"line":9,"column":28},"end":{"line":12,"column":1}},"line":9},"3":{"name":"(anonymous_3)","decl":{"start":{"line":13,"column":80},"end":{"line":13,"column":81}},"loc":{"start":{"line":13,"column":95},"end":{"line":15,"column":1}},"line":13},"4":{"name":"(anonymous_4)","decl":{"start":{"line":15,"column":5},"end":{"line":15,"column":6}},"loc":{"start":{"line":15,"column":20},"end":{"line":17,"column":1}},"line":15},"5":{"name":"(anonymous_5)","decl":{"start":{"line":18,"column":51},"end":{"line":18,"column":52}},"loc":{"start":{"line":18,"column":63},"end":{"line":34,"column":1}},"line":18},"6":{"name":"(anonymous_6)","decl":{"start":{"line":19,"column":18},"end":{"line":19,"column":19}},"loc":{"start":{"line":19,"column":30},"end":{"line":26,"column":5}},"line":19},"7":{"name":"(anonymous_7)","decl":{"start":{"line":20,"column":48},"end":{"line":20,"column":49}},"loc":{"start":{"line":20,"column":61},"end":{"line":24,"column":9}},"line":20},"8":{"name":"(anonymous_8)","decl":{"start":{"line":27,"column":11},"end":{"line":27,"column":12}},"loc":{"start":{"line":27,"column":26},"end":{"line":33,"column":5}},"line":27},"9":{"name":"(anonymous_9)","decl":{"start":{"line":35,"column":56},"end":{"line":35,"column":57}},"loc":{"start":{"line":35,"column":71},"end":{"line":37,"column":1}},"line":35},"10":{"name":"(anonymous_10)","decl":{"start":{"line":49,"column":13},"end":{"line":49,"column":14}},"loc":{"start":{"line":49,"column":27},"end":{"line":51,"column":1}},"line":49},"11":{"name":"(anonymous_11)","decl":{"start":{"line":56,"column":10},"end":{"line":56,"column":11}},"loc":{"start":{"line":56,"column":16},"end":{"line":62,"column":1}},"line":56},"12":{"name":"(anonymous_12)","decl":{"start":{"line":59,"column":21},"end":{"line":59,"column":22}},"loc":{"start":{"line":59,"column":27},"end":{"line":61,"column":5}},"line":59},"13":{"name":"(anonymous_13)","decl":{"start":{"line":63,"column":11},"end":{"line":63,"column":12}},"loc":{"start":{"line":63,"column":20},"end":{"line":66,"column":1}},"line":63}},"branchMap":{"0":{"loc":{"start":{"line":2,"column":22},"end":{"line":12,"column":3}},"type":"binary-expr","locations":[{"start":{"line":2,"column":23},"end":{"line":2,"column":27}},{"start":{"line":2,"column":31},"end":{"line":2,"column":51}},{"start":{"line":2,"column":57},"end":{"line":12,"column":2}}],"line":2},"1":{"loc":{"start":{"line":2,"column":57},"end":{"line":12,"column":2}},"type":"cond-expr","locations":[{"start":{"line":2,"column":74},"end":{"line":9,"column":1}},{"start":{"line":9,"column":6},"end":{"line":12,"column":1}}],"line":2},"2":{"loc":{"start":{"line":3,"column":4},"end":{"line":3,"column":33}},"type":"if","locations":[{"start":{"line":3,"column":4},"end":{"line":3,"column":33}},{"start":{},"end":{}}],"line":3},"3":{"loc":{"start":{"line":5,"column":4},"end":{"line":7,"column":5}},"type":"if","locations":[{"start":{"line":5,"column":4},"end":{"line":7,"column":5}},{"start":{},"end":{}}],"line":5},"4":{"loc":{"start":{"line":5,"column":8},"end":{"line":5,"column":85}},"type":"binary-expr","locations":[{"start":{"line":5,"column":8},"end":{"line":5,"column":13}},{"start":{"line":5,"column":18},"end":{"line":5,"column":84}}],"line":5},"5":{"loc":{"start":{"line":5,"column":18},"end":{"line":5,"column":84}},"type":"cond-expr","locations":[{"start":{"line":5,"column":34},"end":{"line":5,"column":47}},{"start":{"line":5,"column":50},"end":{"line":5,"column":84}}],"line":5},"6":{"loc":{"start":{"line":5,"column":50},"end":{"line":5,"column":84}},"type":"binary-expr","locations":[{"start":{"line":5,"column":50},"end":{"line":5,"column":63}},{"start":{"line":5,"column":67},"end":{"line":5,"column":84}}],"line":5},"7":{"loc":{"start":{"line":10,"column":4},"end":{"line":10,"column":33}},"type":"if","locations":[{"start":{"line":10,"column":4},"end":{"line":10,"column":33}},{"start":{},"end":{}}],"line":10},"8":{"loc":{"start":{"line":13,"column":25},"end":{"line":17,"column":2}},"type":"binary-expr","locations":[{"start":{"line":13,"column":26},"end":{"line":13,"column":30}},{"start":{"line":13,"column":34},"end":{"line":13,"column":57}},{"start":{"line":13,"column":63},"end":{"line":17,"column":1}}],"line":13},"9":{"loc":{"start":{"line":13,"column":63},"end":{"line":17,"column":1}},"type":"cond-expr","locations":[{"start":{"line":13,"column":80},"end":{"line":15,"column":1}},{"start":{"line":15,"column":5},"end":{"line":17,"column":1}}],"line":13},"10":{"loc":{"start":{"line":18,"column":19},"end":{"line":34,"column":4}},"type":"binary-expr","locations":[{"start":{"line":18,"column":20},"end":{"line":18,"column":24}},{"start":{"line":18,"column":28},"end":{"line":18,"column":45}},{"start":{"line":18,"column":50},"end":{"line":34,"column":4}}],"line":18},"11":{"loc":{"start":{"line":20,"column":18},"end":{"line":24,"column":9}},"type":"binary-expr","locations":[{"start":{"line":20,"column":18},"end":{"line":20,"column":44}},{"start":{"line":20,"column":48},"end":{"line":24,"column":9}}],"line":20},"12":{"loc":{"start":{"line":22,"column":29},"end":{"line":22,"column":95}},"type":"if","locations":[{"start":{"line":22,"column":29},"end":{"line":22,"column":95}},{"start":{},"end":{}}],"line":22},"13":{"loc":{"start":{"line":28,"column":8},"end":{"line":28,"column":46}},"type":"if","locations":[{"start":{"line":28,"column":8},"end":{"line":28,"column":46}},{"start":{},"end":{}}],"line":28},"14":{"loc":{"start":{"line":28,"column":12},"end":{"line":28,"column":33}},"type":"binary-expr","locations":[{"start":{"line":28,"column":12},"end":{"line":28,"column":15}},{"start":{"line":28,"column":19},"end":{"line":28,"column":33}}],"line":28},"15":{"loc":{"start":{"line":30,"column":8},"end":{"line":30,"column":137}},"type":"if","locations":[{"start":{"line":30,"column":8},"end":{"line":30,"column":137}},{"start":{},"end":{}}],"line":30},"16":{"loc":{"start":{"line":30,"column":78},"end":{"line":30,"column":137}},"type":"if","locations":[{"start":{"line":30,"column":78},"end":{"line":30,"column":137}},{"start":{},"end":{}}],"line":30},"17":{"loc":{"start":{"line":35,"column":22},"end":{"line":37,"column":1}},"type":"binary-expr","locations":[{"start":{"line":35,"column":23},"end":{"line":35,"column":27}},{"start":{"line":35,"column":31},"end":{"line":35,"column":51}},{"start":{"line":35,"column":56},"end":{"line":37,"column":1}}],"line":35},"18":{"loc":{"start":{"line":36,"column":11},"end":{"line":36,"column":61}},"type":"cond-expr","locations":[{"start":{"line":36,"column":37},"end":{"line":36,"column":40}},{"start":{"line":36,"column":43},"end":{"line":36,"column":61}}],"line":36},"19":{"loc":{"start":{"line":36,"column":12},"end":{"line":36,"column":33}},"type":"binary-expr","locations":[{"start":{"line":36,"column":12},"end":{"line":36,"column":15}},{"start":{"line":36,"column":19},"end":{"line":36,"column":33}}],"line":36},"20":{"loc":{"start":{"line":46,"column":14},"end":{"line":46,"column":40}},"type":"binary-expr","locations":[{"start":{"line":46,"column":14},"end":{"line":46,"column":30}},{"start":{"line":46,"column":34},"end":{"line":46,"column":40}}],"line":46}},"s":{"0":1,"1":7,"2":7,"3":7,"4":7,"5":7,"6":1,"7":7,"8":0,"9":0,"10":0,"11":1,"12":1,"13":0,"14":1,"15":1,"16":1,"17":0,"18":0,"19":0,"20":0,"21":0,"22":1,"23":1,"24":1,"25":0,"26":1,"27":1,"28":1,"29":1,"30":1,"31":7,"32":7,"33":1,"34":1,"35":1,"36":3,"37":1,"38":1,"39":1,"40":1,"41":1,"42":1,"43":1,"44":1,"45":1,"46":1,"47":1,"48":1,"49":0,"50":1,"51":1,"52":1,"53":1,"54":1,"55":1,"56":0,"57":0,"58":1},"f":{"0":7,"1":1,"2":0,"3":1,"4":0,"5":1,"6":1,"7":0,"8":1,"9":3,"10":0,"11":1,"12":1,"13":0},"b":{"0":[1,0,1],"1":[1,0],"2":[7,0],"3":[7,0],"4":[7,7],"5":[0,7],"6":[7,0],"7":[0,0],"8":[1,0,1],"9":[1,0],"10":[1,0,1],"11":[1,0],"12":[0,0],"13":[0,1],"14":[1,1],"15":[1,0],"16":[7,0],"17":[1,0,1],"18":[2,1],"19":[3,3],"20":[1,0]},"_coverageSchema":"1a1c01bbd47fc00a2c39e90264f33305004495a9","hash":"538bf5d9daea56f9653b130777b1ed509afceea6"}
,"D:\\Icesi\\Semestre 7\\Compunet 3\\AromaVerse\\backend\\index.ts": {"path":"D:\\Icesi\\Semestre 7\\Compunet 3\\AromaVerse\\backend\\index.ts","statementMap":{"0":{"start":{"line":7,"column":0},"end":{"line":7,"column":16}},"1":{"start":{"line":9,"column":22},"end":{"line":9,"column":31}},"2":{"start":{"line":10,"column":23},"end":{"line":10,"column":56}},"3":{"start":{"line":12,"column":0},"end":{"line":12,"column":24}},"4":{"start":{"line":13,"column":0},"end":{"line":13,"column":46}},"5":{"start":{"line":15,"column":0},"end":{"line":17,"column":2}},"6":{"start":{"line":16,"column":2},"end":{"line":16,"column":26}},"7":{"start":{"line":19,"column":0},"end":{"line":19,"column":30}},"8":{"start":{"line":20,"column":0},"end":{"line":20,"column":36}},"9":{"start":{"line":23,"column":0},"end":{"line":35,"column":5}},"10":{"start":{"line":25,"column":4},"end":{"line":25,"column":59}},"11":{"start":{"line":28,"column":4},"end":{"line":30,"column":7}},"12":{"start":{"line":29,"column":6},"end":{"line":29,"column":69}},"13":{"start":{"line":33,"column":4},"end":{"line":33,"column":64}},"14":{"start":{"line":34,"column":4},"end":{"line":34,"column":20}}},"fnMap":{"0":{"name":"(anonymous_0)","decl":{"start":{"line":15,"column":13},"end":{"line":15,"column":14}},"loc":{"start":{"line":15,"column":46},"end":{"line":17,"column":1}},"line":15},"1":{"name":"(anonymous_1)","decl":{"start":{"line":24,"column":8},"end":{"line":24,"column":9}},"loc":{"start":{"line":24,"column":14},"end":{"line":31,"column":3}},"line":24},"2":{"name":"(anonymous_2)","decl":{"start":{"line":28,"column":21},"end":{"line":28,"column":22}},"loc":{"start":{"line":28,"column":27},"end":{"line":30,"column":5}},"line":28},"3":{"name":"(anonymous_3)","decl":{"start":{"line":32,"column":9},"end":{"line":32,"column":10}},"loc":{"start":{"line":32,"column":18},"end":{"line":35,"column":3}},"line":32}},"branchMap":{"0":{"loc":{"start":{"line":10,"column":23},"end":{"line":10,"column":56}},"type":"binary-expr","locations":[{"start":{"line":10,"column":23},"end":{"line":10,"column":46}},{"start":{"line":10,"column":50},"end":{"line":10,"column":56}}],"line":10}},"s":{"0":1,"1":1,"2":1,"3":1,"4":1,"5":1,"6":0,"7":1,"8":1,"9":1,"10":1,"11":1,"12":0,"13":0,"14":0},"f":{"0":0,"1":1,"2":0,"3":0},"b":{"0":[1,0]},"_coverageSchema":"1a1c01bbd47fc00a2c39e90264f33305004495a9","hash":"dbe23fb6d23ebfbe82363514ff2785bd08f4f738"}
,"D:\\Icesi\\Semestre 7\\Compunet 3\\AromaVerse\\backend\\src\\controllers\\index.ts": {"path":"D:\\Icesi\\Semestre 7\\Compunet 3\\AromaVerse\\backend\\src\\controllers\\index.ts","statementMap":{},"fnMap":{},"branchMap":{},"s":{},"f":{},"b":{},"_coverageSchema":"1a1c01bbd47fc00a2c39e90264f33305004495a9","hash":"cb60cf47d1b318c6aa19bb0f63470459793ac9aa"}
,"D:\\Icesi\\Semestre 7\\Compunet 3\\AromaVerse\\backend\\src\\controllers\\Products\\container.controller.ts": {"path":"D:\\Icesi\\Semestre 7\\Compunet 3\\AromaVerse\\backend\\src\\controllers\\Products\\container.controller.ts","statementMap":{"0":{"start":{"line":7,"column":25},"end":{"line":7,"column":47}},"1":{"start":{"line":13,"column":4},"end":{"line":13,"column":39}},"2":{"start":{"line":14,"column":4},"end":{"line":28,"column":5}},"3":{"start":{"line":15,"column":28},"end":{"line":15,"column":36}},"4":{"start":{"line":16,"column":6},"end":{"line":16,"column":65}},"5":{"start":{"line":18,"column":27},"end":{"line":18,"column":75}},"6":{"start":{"line":19,"column":6},"end":{"line":19,"column":41}},"7":{"start":{"line":22,"column":6},"end":{"line":27,"column":7}},"8":{"start":{"line":23,"column":8},"end":{"line":26,"column":9}},"9":{"start":{"line":24,"column":10},"end":{"line":24,"column":59}},"10":{"start":{"line":25,"column":10},"end":{"line":25,"column":17}},"11":{"start":{"line":32,"column":4},"end":{"line":37,"column":5}},"12":{"start":{"line":33,"column":25},"end":{"line":33,"column":57}},"13":{"start":{"line":34,"column":6},"end":{"line":34,"column":39}},"14":{"start":{"line":36,"column":6},"end":{"line":36,"column":70}},"15":{"start":{"line":41,"column":4},"end":{"line":55,"column":5}},"16":{"start":{"line":42,"column":21},"end":{"line":42,"column":31}},"17":{"start":{"line":43,"column":6},"end":{"line":46,"column":7}},"18":{"start":{"line":44,"column":8},"end":{"line":44,"column":54}},"19":{"start":{"line":45,"column":8},"end":{"line":45,"column":15}},"20":{"start":{"line":47,"column":24},"end":{"line":47,"column":85}},"21":{"start":{"line":48,"column":6},"end":{"line":48,"column":38}},"22":{"start":{"line":50,"column":8},"end":{"line":50,"column":65}},"23":{"start":{"line":51,"column":8},"end":{"line":54,"column":9}},"24":{"start":{"line":52,"column":10},"end":{"line":52,"column":65}},"25":{"start":{"line":53,"column":10},"end":{"line":53,"column":17}},"26":{"start":{"line":59,"column":4},"end":{"line":71,"column":5}},"27":{"start":{"line":60,"column":26},"end":{"line":60,"column":53}},"28":{"start":{"line":61,"column":29},"end":{"line":61,"column":37}},"29":{"start":{"line":62,"column":31},"end":{"line":62,"column":98}},"30":{"start":{"line":63,"column":6},"end":{"line":63,"column":45}},"31":{"start":{"line":65,"column":6},"end":{"line":65,"column":63}},"32":{"start":{"line":66,"column":6},"end":{"line":69,"column":5}},"33":{"start":{"line":67,"column":8},"end":{"line":67,"column":63}},"34":{"start":{"line":68,"column":8},"end":{"line":68,"column":15}},"35":{"start":{"line":70,"column":6},"end":{"line":70,"column":70}}},"fnMap":{"0":{"name":"(anonymous_0)","decl":{"start":{"line":12,"column":2},"end":{"line":12,"column":3}},"loc":{"start":{"line":12,"column":65},"end":{"line":29,"column":3}},"line":12},"1":{"name":"(anonymous_1)","decl":{"start":{"line":16,"column":54},"end":{"line":16,"column":55}},"loc":{"start":{"line":16,"column":61},"end":{"line":16,"column":63}},"line":16},"2":{"name":"(anonymous_2)","decl":{"start":{"line":31,"column":2},"end":{"line":31,"column":3}},"loc":{"start":{"line":31,"column":75},"end":{"line":38,"column":3}},"line":31},"3":{"name":"(anonymous_3)","decl":{"start":{"line":40,"column":2},"end":{"line":40,"column":3}},"loc":{"start":{"line":40,"column":74},"end":{"line":56,"column":3}},"line":40},"4":{"name":"(anonymous_4)","decl":{"start":{"line":58,"column":2},"end":{"line":58,"column":3}},"loc":{"start":{"line":58,"column":74},"end":{"line":72,"column":3}},"line":58}},"branchMap":{"0":{"loc":{"start":{"line":22,"column":6},"end":{"line":27,"column":7}},"type":"if","locations":[{"start":{"line":22,"column":6},"end":{"line":27,"column":7}},{"start":{},"end":{}}],"line":22},"1":{"loc":{"start":{"line":23,"column":8},"end":{"line":26,"column":9}},"type":"if","locations":[{"start":{"line":23,"column":8},"end":{"line":26,"column":9}},{"start":{},"end":{}}],"line":23},"2":{"loc":{"start":{"line":23,"column":12},"end":{"line":23,"column":139}},"type":"binary-expr","locations":[{"start":{"line":23,"column":12},"end":{"line":23,"column":48}},{"start":{"line":23,"column":52},"end":{"line":23,"column":92}},{"start":{"line":23,"column":96},"end":{"line":23,"column":139}}],"line":23},"3":{"loc":{"start":{"line":43,"column":6},"end":{"line":46,"column":7}},"type":"if","locations":[{"start":{"line":43,"column":6},"end":{"line":46,"column":7}},{"start":{},"end":{}}],"line":43},"4":{"loc":{"start":{"line":51,"column":8},"end":{"line":54,"column":9}},"type":"if","locations":[{"start":{"line":51,"column":8},"end":{"line":54,"column":9}},{"start":{},"end":{}}],"line":51},"5":{"loc":{"start":{"line":51,"column":11},"end":{"line":51,"column":76}},"type":"binary-expr","locations":[{"start":{"line":51,"column":11},"end":{"line":51,"column":33}},{"start":{"line":51,"column":37},"end":{"line":51,"column":76}}],"line":51},"6":{"loc":{"start":{"line":66,"column":6},"end":{"line":69,"column":5}},"type":"if","locations":[{"start":{"line":66,"column":6},"end":{"line":69,"column":5}},{"start":{},"end":{}}],"line":66},"7":{"loc":{"start":{"line":66,"column":9},"end":{"line":66,"column":74}},"type":"binary-expr","locations":[{"start":{"line":66,"column":9},"end":{"line":66,"column":31}},{"start":{"line":66,"column":35},"end":{"line":66,"column":74}}],"line":66}},"s":{"0":2,"1":7,"2":7,"3":7,"4":7,"5":7,"6":7,"7":0,"8":0,"9":0,"10":0,"11":1,"12":1,"13":1,"14":0,"15":4,"16":4,"17":4,"18":1,"19":1,"20":3,"21":2,"22":1,"23":1,"24":1,"25":1,"26":3,"27":3,"28":3,"29":3,"30":2,"31":1,"32":1,"33":0,"34":0,"35":1},"f":{"0":7,"1":7,"2":1,"3":4,"4":3},"b":{"0":[0,0],"1":[0,0],"2":[0,0,0],"3":[1,3],"4":[1,0],"5":[1,1],"6":[0,1],"7":[1,1]},"_coverageSchema":"1a1c01bbd47fc00a2c39e90264f33305004495a9","hash":"e9f8047b3d8ac16bce10c619775a83467bc53e96"}
,"D:\\Icesi\\Semestre 7\\Compunet 3\\AromaVerse\\backend\\src\\controllers\\Products\\fragrance.controller.ts": {"path":"D:\\Icesi\\Semestre 7\\Compunet 3\\AromaVerse\\backend\\src\\controllers\\Products\\fragrance.controller.ts","statementMap":{"0":{"start":{"line":5,"column":25},"end":{"line":5,"column":47}},"1":{"start":{"line":10,"column":8},"end":{"line":20,"column":9}},"2":{"start":{"line":11,"column":12},"end":{"line":11,"column":47}},"3":{"start":{"line":12,"column":33},"end":{"line":12,"column":81}},"4":{"start":{"line":13,"column":12},"end":{"line":13,"column":47}},"5":{"start":{"line":15,"column":12},"end":{"line":18,"column":13}},"6":{"start":{"line":16,"column":16},"end":{"line":16,"column":76}},"7":{"start":{"line":17,"column":16},"end":{"line":17,"column":23}},"8":{"start":{"line":19,"column":12},"end":{"line":19,"column":76}},"9":{"start":{"line":24,"column":8},"end":{"line":29,"column":9}},"10":{"start":{"line":25,"column":31},"end":{"line":25,"column":63}},"11":{"start":{"line":26,"column":12},"end":{"line":26,"column":45}},"12":{"start":{"line":28,"column":12},"end":{"line":28,"column":76}},"13":{"start":{"line":33,"column":8},"end":{"line":43,"column":9}},"14":{"start":{"line":34,"column":30},"end":{"line":34,"column":91}},"15":{"start":{"line":35,"column":12},"end":{"line":35,"column":44}},"16":{"start":{"line":37,"column":12},"end":{"line":37,"column":69}},"17":{"start":{"line":38,"column":12},"end":{"line":41,"column":13}},"18":{"start":{"line":39,"column":16},"end":{"line":39,"column":71}},"19":{"start":{"line":40,"column":16},"end":{"line":40,"column":23}},"20":{"start":{"line":42,"column":12},"end":{"line":42,"column":76}},"21":{"start":{"line":47,"column":8},"end":{"line":59,"column":9}},"22":{"start":{"line":48,"column":30},"end":{"line":48,"column":57}},"23":{"start":{"line":49,"column":33},"end":{"line":49,"column":41}},"24":{"start":{"line":50,"column":35},"end":{"line":50,"column":102}},"25":{"start":{"line":51,"column":10},"end":{"line":51,"column":49}},"26":{"start":{"line":53,"column":10},"end":{"line":53,"column":67}},"27":{"start":{"line":54,"column":10},"end":{"line":57,"column":9}},"28":{"start":{"line":55,"column":12},"end":{"line":55,"column":67}},"29":{"start":{"line":56,"column":12},"end":{"line":56,"column":19}},"30":{"start":{"line":58,"column":10},"end":{"line":58,"column":74}}},"fnMap":{"0":{"name":"(anonymous_0)","decl":{"start":{"line":9,"column":4},"end":{"line":9,"column":5}},"loc":{"start":{"line":9,"column":67},"end":{"line":21,"column":5}},"line":9},"1":{"name":"(anonymous_1)","decl":{"start":{"line":23,"column":4},"end":{"line":23,"column":5}},"loc":{"start":{"line":23,"column":77},"end":{"line":30,"column":5}},"line":23},"2":{"name":"(anonymous_2)","decl":{"start":{"line":32,"column":4},"end":{"line":32,"column":5}},"loc":{"start":{"line":32,"column":76},"end":{"line":44,"column":5}},"line":32},"3":{"name":"(anonymous_3)","decl":{"start":{"line":46,"column":4},"end":{"line":46,"column":5}},"loc":{"start":{"line":46,"column":76},"end":{"line":60,"column":7}},"line":46}},"branchMap":{"0":{"loc":{"start":{"line":15,"column":12},"end":{"line":18,"column":13}},"type":"if","locations":[{"start":{"line":15,"column":12},"end":{"line":18,"column":13}},{"start":{},"end":{}}],"line":15},"1":{"loc":{"start":{"line":15,"column":15},"end":{"line":15,"column":85}},"type":"binary-expr","locations":[{"start":{"line":15,"column":15},"end":{"line":15,"column":37}},{"start":{"line":15,"column":41},"end":{"line":15,"column":85}}],"line":15},"2":{"loc":{"start":{"line":38,"column":12},"end":{"line":41,"column":13}},"type":"if","locations":[{"start":{"line":38,"column":12},"end":{"line":41,"column":13}},{"start":{},"end":{}}],"line":38},"3":{"loc":{"start":{"line":38,"column":15},"end":{"line":38,"column":80}},"type":"binary-expr","locations":[{"start":{"line":38,"column":15},"end":{"line":38,"column":37}},{"start":{"line":38,"column":41},"end":{"line":38,"column":80}}],"line":38},"4":{"loc":{"start":{"line":54,"column":10},"end":{"line":57,"column":9}},"type":"if","locations":[{"start":{"line":54,"column":10},"end":{"line":57,"column":9}},{"start":{},"end":{}}],"line":54},"5":{"loc":{"start":{"line":54,"column":13},"end":{"line":54,"column":78}},"type":"binary-expr","locations":[{"start":{"line":54,"column":13},"end":{"line":54,"column":35}},{"start":{"line":54,"column":39},"end":{"line":54,"column":78}}],"line":54}},"s":{"0":2,"1":0,"2":0,"3":0,"4":0,"5":0,"6":0,"7":0,"8":0,"9":0,"10":0,"11":0,"12":0,"13":0,"14":0,"15":0,"16":0,"17":0,"18":0,"19":0,"20":0,"21":0,"22":0,"23":0,"24":0,"25":0,"26":0,"27":0,"28":0,"29":0,"30":0},"f":{"0":0,"1":0,"2":0,"3":0},"b":{"0":[0,0],"1":[0,0],"2":[0,0],"3":[0,0],"4":[0,0],"5":[0,0]},"_coverageSchema":"1a1c01bbd47fc00a2c39e90264f33305004495a9","hash":"18fdd537c2f682bf4ae0552be19ffc9a3c535ee4"}
,"D:\\Icesi\\Semestre 7\\Compunet 3\\AromaVerse\\backend\\src\\controllers\\Products\\mood.controller.ts": {"path":"D:\\Icesi\\Semestre 7\\Compunet 3\\AromaVerse\\backend\\src\\controllers\\Products\\mood.controller.ts","statementMap":{"0":{"start":{"line":5,"column":20},"end":{"line":5,"column":37}},"1":{"start":{"line":10,"column":8},"end":{"line":20,"column":9}},"2":{"start":{"line":11,"column":12},"end":{"line":11,"column":42}},"3":{"start":{"line":12,"column":28},"end":{"line":12,"column":66}},"4":{"start":{"line":13,"column":12},"end":{"line":13,"column":42}},"5":{"start":{"line":15,"column":12},"end":{"line":18,"column":13}},"6":{"start":{"line":16,"column":16},"end":{"line":16,"column":71}},"7":{"start":{"line":17,"column":16},"end":{"line":17,"column":23}},"8":{"start":{"line":19,"column":12},"end":{"line":19,"column":76}},"9":{"start":{"line":24,"column":8},"end":{"line":29,"column":9}},"10":{"start":{"line":25,"column":26},"end":{"line":25,"column":53}},"11":{"start":{"line":26,"column":12},"end":{"line":26,"column":40}},"12":{"start":{"line":28,"column":12},"end":{"line":28,"column":76}},"13":{"start":{"line":33,"column":8},"end":{"line":43,"column":9}},"14":{"start":{"line":34,"column":25},"end":{"line":34,"column":76}},"15":{"start":{"line":35,"column":12},"end":{"line":35,"column":39}},"16":{"start":{"line":37,"column":12},"end":{"line":37,"column":64}},"17":{"start":{"line":38,"column":12},"end":{"line":41,"column":13}},"18":{"start":{"line":39,"column":16},"end":{"line":39,"column":66}},"19":{"start":{"line":40,"column":16},"end":{"line":40,"column":23}},"20":{"start":{"line":42,"column":12},"end":{"line":42,"column":76}},"21":{"start":{"line":47,"column":8},"end":{"line":59,"column":9}},"22":{"start":{"line":48,"column":27},"end":{"line":48,"column":54}},"23":{"start":{"line":49,"column":30},"end":{"line":49,"column":38}},"24":{"start":{"line":50,"column":32},"end":{"line":50,"column":79}},"25":{"start":{"line":51,"column":12},"end":{"line":51,"column":46}},"26":{"start":{"line":53,"column":12},"end":{"line":53,"column":64}},"27":{"start":{"line":54,"column":12},"end":{"line":57,"column":13}},"28":{"start":{"line":55,"column":16},"end":{"line":55,"column":66}},"29":{"start":{"line":56,"column":16},"end":{"line":56,"column":23}},"30":{"start":{"line":58,"column":12},"end":{"line":58,"column":76}}},"fnMap":{"0":{"name":"(anonymous_0)","decl":{"start":{"line":9,"column":4},"end":{"line":9,"column":5}},"loc":{"start":{"line":9,"column":67},"end":{"line":21,"column":5}},"line":9},"1":{"name":"(anonymous_1)","decl":{"start":{"line":23,"column":4},"end":{"line":23,"column":5}},"loc":{"start":{"line":23,"column":72},"end":{"line":30,"column":5}},"line":23},"2":{"name":"(anonymous_2)","decl":{"start":{"line":32,"column":4},"end":{"line":32,"column":5}},"loc":{"start":{"line":32,"column":71},"end":{"line":44,"column":5}},"line":32},"3":{"name":"(anonymous_3)","decl":{"start":{"line":46,"column":4},"end":{"line":46,"column":5}},"loc":{"start":{"line":46,"column":71},"end":{"line":60,"column":5}},"line":46}},"branchMap":{"0":{"loc":{"start":{"line":15,"column":12},"end":{"line":18,"column":13}},"type":"if","locations":[{"start":{"line":15,"column":12},"end":{"line":18,"column":13}},{"start":{},"end":{}}],"line":15},"1":{"loc":{"start":{"line":15,"column":15},"end":{"line":15,"column":80}},"type":"binary-expr","locations":[{"start":{"line":15,"column":15},"end":{"line":15,"column":37}},{"start":{"line":15,"column":41},"end":{"line":15,"column":80}}],"line":15},"2":{"loc":{"start":{"line":38,"column":12},"end":{"line":41,"column":13}},"type":"if","locations":[{"start":{"line":38,"column":12},"end":{"line":41,"column":13}},{"start":{},"end":{}}],"line":38},"3":{"loc":{"start":{"line":38,"column":15},"end":{"line":38,"column":75}},"type":"binary-expr","locations":[{"start":{"line":38,"column":15},"end":{"line":38,"column":37}},{"start":{"line":38,"column":41},"end":{"line":38,"column":75}}],"line":38},"4":{"loc":{"start":{"line":54,"column":12},"end":{"line":57,"column":13}},"type":"if","locations":[{"start":{"line":54,"column":12},"end":{"line":57,"column":13}},{"start":{},"end":{}}],"line":54},"5":{"loc":{"start":{"line":54,"column":15},"end":{"line":54,"column":75}},"type":"binary-expr","locations":[{"start":{"line":54,"column":15},"end":{"line":54,"column":37}},{"start":{"line":54,"column":41},"end":{"line":54,"column":75}}],"line":54}},"s":{"0":2,"1":0,"2":0,"3":0,"4":0,"5":0,"6":0,"7":0,"8":0,"9":0,"10":0,"11":0,"12":0,"13":0,"14":0,"15":0,"16":0,"17":0,"18":0,"19":0,"20":0,"21":0,"22":0,"23":0,"24":0,"25":0,"26":0,"27":0,"28":0,"29":0,"30":0},"f":{"0":0,"1":0,"2":0,"3":0},"b":{"0":[0,0],"1":[0,0],"2":[0,0],"3":[0,0],"4":[0,0],"5":[0,0]},"_coverageSchema":"1a1c01bbd47fc00a2c39e90264f33305004495a9","hash":"b4a4fcad4bfe34593b5af3a0eb0475c449e562eb"}
,"D:\\Icesi\\Semestre 7\\Compunet 3\\AromaVerse\\backend\\src\\controllers\\Products\\mood_fragrance.controller.ts": {"path":"D:\\Icesi\\Semestre 7\\Compunet 3\\AromaVerse\\backend\\src\\controllers\\Products\\mood_fragrance.controller.ts","statementMap":{"0":{"start":{"line":5,"column":31},"end":{"line":5,"column":59}},"1":{"start":{"line":10,"column":8},"end":{"line":15,"column":9}},"2":{"start":{"line":11,"column":30},"end":{"line":11,"column":103}},"3":{"start":{"line":12,"column":12},"end":{"line":12,"column":44}},"4":{"start":{"line":14,"column":12},"end":{"line":14,"column":76}},"5":{"start":{"line":19,"column":8},"end":{"line":24,"column":9}},"6":{"start":{"line":20,"column":25},"end":{"line":20,"column":98}},"7":{"start":{"line":21,"column":12},"end":{"line":21,"column":39}},"8":{"start":{"line":23,"column":12},"end":{"line":23,"column":76}},"9":{"start":{"line":28,"column":8},"end":{"line":45,"column":9}},"10":{"start":{"line":29,"column":42},"end":{"line":29,"column":50}},"11":{"start":{"line":30,"column":12},"end":{"line":33,"column":13}},"12":{"start":{"line":31,"column":16},"end":{"line":31,"column":79}},"13":{"start":{"line":32,"column":16},"end":{"line":32,"column":23}},"14":{"start":{"line":36,"column":29},"end":{"line":36,"column":98}},"15":{"start":{"line":37,"column":12},"end":{"line":37,"column":43}},"16":{"start":{"line":39,"column":12},"end":{"line":42,"column":13}},"17":{"start":{"line":40,"column":16},"end":{"line":40,"column":79}},"18":{"start":{"line":41,"column":16},"end":{"line":41,"column":23}},"19":{"start":{"line":43,"column":12},"end":{"line":43,"column":73}},"20":{"start":{"line":44,"column":12},"end":{"line":44,"column":76}},"21":{"start":{"line":49,"column":8},"end":{"line":70,"column":9}},"22":{"start":{"line":50,"column":43},"end":{"line":50,"column":51}},"23":{"start":{"line":52,"column":12},"end":{"line":55,"column":13}},"24":{"start":{"line":53,"column":16},"end":{"line":53,"column":81}},"25":{"start":{"line":54,"column":16},"end":{"line":54,"column":23}},"26":{"start":{"line":57,"column":29},"end":{"line":57,"column":102}},"27":{"start":{"line":60,"column":12},"end":{"line":60,"column":43}},"28":{"start":{"line":63,"column":12},"end":{"line":63,"column":70}},"29":{"start":{"line":64,"column":12},"end":{"line":67,"column":13}},"30":{"start":{"line":65,"column":16},"end":{"line":65,"column":79}},"31":{"start":{"line":66,"column":16},"end":{"line":66,"column":23}},"32":{"start":{"line":68,"column":12},"end":{"line":68,"column":77}},"33":{"start":{"line":69,"column":12},"end":{"line":69,"column":76}}},"fnMap":{"0":{"name":"(anonymous_0)","decl":{"start":{"line":9,"column":4},"end":{"line":9,"column":5}},"loc":{"start":{"line":9,"column":82},"end":{"line":16,"column":5}},"line":9},"1":{"name":"(anonymous_1)","decl":{"start":{"line":18,"column":4},"end":{"line":18,"column":5}},"loc":{"start":{"line":18,"column":82},"end":{"line":25,"column":5}},"line":18},"2":{"name":"(anonymous_2)","decl":{"start":{"line":27,"column":4},"end":{"line":27,"column":5}},"loc":{"start":{"line":27,"column":80},"end":{"line":46,"column":5}},"line":27},"3":{"name":"(anonymous_3)","decl":{"start":{"line":48,"column":4},"end":{"line":48,"column":5}},"loc":{"start":{"line":48,"column":84},"end":{"line":71,"column":5}},"line":48}},"branchMap":{"0":{"loc":{"start":{"line":30,"column":12},"end":{"line":33,"column":13}},"type":"if","locations":[{"start":{"line":30,"column":12},"end":{"line":33,"column":13}},{"start":{},"end":{}}],"line":30},"1":{"loc":{"start":{"line":30,"column":15},"end":{"line":30,"column":74}},"type":"binary-expr","locations":[{"start":{"line":30,"column":15},"end":{"line":30,"column":40}},{"start":{"line":30,"column":44},"end":{"line":30,"column":74}}],"line":30},"2":{"loc":{"start":{"line":39,"column":12},"end":{"line":42,"column":13}},"type":"if","locations":[{"start":{"line":39,"column":12},"end":{"line":42,"column":13}},{"start":{},"end":{}}],"line":39},"3":{"loc":{"start":{"line":39,"column":15},"end":{"line":39,"column":88}},"type":"binary-expr","locations":[{"start":{"line":39,"column":15},"end":{"line":39,"column":37}},{"start":{"line":39,"column":41},"end":{"line":39,"column":88}}],"line":39},"4":{"loc":{"start":{"line":52,"column":12},"end":{"line":55,"column":13}},"type":"if","locations":[{"start":{"line":52,"column":12},"end":{"line":55,"column":13}},{"start":{},"end":{}}],"line":52},"5":{"loc":{"start":{"line":52,"column":15},"end":{"line":52,"column":74}},"type":"binary-expr","locations":[{"start":{"line":52,"column":15},"end":{"line":52,"column":40}},{"start":{"line":52,"column":44},"end":{"line":52,"column":74}}],"line":52},"6":{"loc":{"start":{"line":64,"column":12},"end":{"line":67,"column":13}},"type":"if","locations":[{"start":{"line":64,"column":12},"end":{"line":67,"column":13}},{"start":{},"end":{}}],"line":64},"7":{"loc":{"start":{"line":64,"column":15},"end":{"line":64,"column":88}},"type":"binary-expr","locations":[{"start":{"line":64,"column":15},"end":{"line":64,"column":37}},{"start":{"line":64,"column":41},"end":{"line":64,"column":88}}],"line":64}},"s":{"0":2,"1":0,"2":0,"3":0,"4":0,"5":0,"6":0,"7":0,"8":0,"9":0,"10":0,"11":0,"12":0,"13":0,"14":0,"15":0,"16":0,"17":0,"18":0,"19":0,"20":0,"21":0,"22":0,"23":0,"24":0,"25":0,"26":0,"27":0,"28":0,"29":0,"30":0,"31":0,"32":0,"33":0},"f":{"0":0,"1":0,"2":0,"3":0},"b":{"0":[0,0],"1":[0,0],"2":[0,0],"3":[0,0],"4":[0,0],"5":[0,0],"6":[0,0],"7":[0,0]},"_coverageSchema":"1a1c01bbd47fc00a2c39e90264f33305004495a9","hash":"fa856f8a654e6cd9063ef94ef7cf3a5d70d17e6f"}
,"D:\\Icesi\\Semestre 7\\Compunet 3\\AromaVerse\\backend\\src\\controllers\\user\\user.controller.ts": {"path":"D:\\Icesi\\Semestre 7\\Compunet 3\\AromaVerse\\backend\\src\\controllers\\user\\user.controller.ts","statementMap":{"0":{"start":{"line":6,"column":20},"end":{"line":6,"column":37}},"1":{"start":{"line":11,"column":4},"end":{"line":23,"column":5}},"2":{"start":{"line":12,"column":22},"end":{"line":12,"column":60}},"3":{"start":{"line":13,"column":6},"end":{"line":13,"column":36}},"4":{"start":{"line":17,"column":6},"end":{"line":20,"column":7}},"5":{"start":{"line":18,"column":8},"end":{"line":18,"column":63}},"6":{"start":{"line":19,"column":8},"end":{"line":19,"column":15}},"7":{"start":{"line":22,"column":6},"end":{"line":22,"column":74}},"8":{"start":{"line":27,"column":4},"end":{"line":33,"column":5}},"9":{"start":{"line":28,"column":20},"end":{"line":28,"column":47}},"10":{"start":{"line":29,"column":6},"end":{"line":29,"column":34}},"11":{"start":{"line":31,"column":6},"end":{"line":31,"column":59}},"12":{"start":{"line":32,"column":6},"end":{"line":32,"column":70}},"13":{"start":{"line":37,"column":4},"end":{"line":48,"column":5}},"14":{"start":{"line":38,"column":21},"end":{"line":38,"column":48}},"15":{"start":{"line":39,"column":26},"end":{"line":39,"column":62}},"16":{"start":{"line":40,"column":6},"end":{"line":40,"column":40}},"17":{"start":{"line":42,"column":6},"end":{"line":42,"column":58}},"18":{"start":{"line":43,"column":6},"end":{"line":46,"column":7}},"19":{"start":{"line":44,"column":8},"end":{"line":44,"column":58}},"20":{"start":{"line":45,"column":8},"end":{"line":45,"column":15}},"21":{"start":{"line":47,"column":6},"end":{"line":47,"column":70}},"22":{"start":{"line":52,"column":4},"end":{"line":75,"column":5}},"23":{"start":{"line":53,"column":21},"end":{"line":53,"column":48}},"24":{"start":{"line":54,"column":25},"end":{"line":54,"column":44}},"25":{"start":{"line":55,"column":24},"end":{"line":55,"column":38}},"26":{"start":{"line":58,"column":6},"end":{"line":58,"column":34}},"27":{"start":{"line":60,"column":26},"end":{"line":60,"column":73}},"28":{"start":{"line":63,"column":6},"end":{"line":65,"column":7}},"29":{"start":{"line":64,"column":8},"end":{"line":64,"column":36}},"30":{"start":{"line":66,"column":6},"end":{"line":66,"column":40}},"31":{"start":{"line":69,"column":6},"end":{"line":69,"column":58}},"32":{"start":{"line":70,"column":6},"end":{"line":73,"column":7}},"33":{"start":{"line":71,"column":8},"end":{"line":71,"column":58}},"34":{"start":{"line":72,"column":8},"end":{"line":72,"column":15}},"35":{"start":{"line":74,"column":6},"end":{"line":74,"column":70}},"36":{"start":{"line":80,"column":4},"end":{"line":90,"column":5}},"37":{"start":{"line":81,"column":21},"end":{"line":81,"column":54}},"38":{"start":{"line":82,"column":6},"end":{"line":82,"column":35}},"39":{"start":{"line":84,"column":6},"end":{"line":84,"column":42}},"40":{"start":{"line":85,"column":6},"end":{"line":88,"column":7}},"41":{"start":{"line":86,"column":8},"end":{"line":86,"column":55}},"42":{"start":{"line":87,"column":8},"end":{"line":87,"column":15}},"43":{"start":{"line":89,"column":6},"end":{"line":89,"column":70}}},"fnMap":{"0":{"name":"(anonymous_0)","decl":{"start":{"line":10,"column":2},"end":{"line":10,"column":3}},"loc":{"start":{"line":10,"column":65},"end":{"line":24,"column":3}},"line":10},"1":{"name":"(anonymous_1)","decl":{"start":{"line":26,"column":2},"end":{"line":26,"column":3}},"loc":{"start":{"line":26,"column":70},"end":{"line":34,"column":3}},"line":26},"2":{"name":"(anonymous_2)","decl":{"start":{"line":36,"column":2},"end":{"line":36,"column":3}},"loc":{"start":{"line":36,"column":69},"end":{"line":49,"column":3}},"line":36},"3":{"name":"(anonymous_3)","decl":{"start":{"line":51,"column":2},"end":{"line":51,"column":3}},"loc":{"start":{"line":51,"column":69},"end":{"line":76,"column":3}},"line":51},"4":{"name":"(anonymous_4)","decl":{"start":{"line":79,"column":2},"end":{"line":79,"column":3}},"loc":{"start":{"line":79,"column":64},"end":{"line":91,"column":3}},"line":79}},"branchMap":{"0":{"loc":{"start":{"line":17,"column":6},"end":{"line":20,"column":7}},"type":"if","locations":[{"start":{"line":17,"column":6},"end":{"line":20,"column":7}},{"start":{},"end":{}}],"line":17},"1":{"loc":{"start":{"line":17,"column":9},"end":{"line":17,"column":74}},"type":"binary-expr","locations":[{"start":{"line":17,"column":9},"end":{"line":17,"column":31}},{"start":{"line":17,"column":35},"end":{"line":17,"column":74}}],"line":17},"2":{"loc":{"start":{"line":43,"column":6},"end":{"line":46,"column":7}},"type":"if","locations":[{"start":{"line":43,"column":6},"end":{"line":46,"column":7}},{"start":{},"end":{}}],"line":43},"3":{"loc":{"start":{"line":43,"column":9},"end":{"line":43,"column":69}},"type":"binary-expr","locations":[{"start":{"line":43,"column":9},"end":{"line":43,"column":31}},{"start":{"line":43,"column":35},"end":{"line":43,"column":69}}],"line":43},"4":{"loc":{"start":{"line":63,"column":6},"end":{"line":65,"column":7}},"type":"if","locations":[{"start":{"line":63,"column":6},"end":{"line":65,"column":7}},{"start":{},"end":{}}],"line":63},"5":{"loc":{"start":{"line":70,"column":6},"end":{"line":73,"column":7}},"type":"if","locations":[{"start":{"line":70,"column":6},"end":{"line":73,"column":7}},{"start":{},"end":{}}],"line":70},"6":{"loc":{"start":{"line":70,"column":9},"end":{"line":70,"column":69}},"type":"binary-expr","locations":[{"start":{"line":70,"column":9},"end":{"line":70,"column":31}},{"start":{"line":70,"column":35},"end":{"line":70,"column":69}}],"line":70},"7":{"loc":{"start":{"line":85,"column":6},"end":{"line":88,"column":7}},"type":"if","locations":[{"start":{"line":85,"column":6},"end":{"line":88,"column":7}},{"start":{},"end":{}}],"line":85}},"s":{"0":2,"1":0,"2":0,"3":0,"4":0,"5":0,"6":0,"7":0,"8":1,"9":1,"10":1,"11":0,"12":0,"13":0,"14":0,"15":0,"16":0,"17":0,"18":0,"19":0,"20":0,"21":0,"22":0,"23":0,"24":0,"25":0,"26":0,"27":0,"28":0,"29":0,"30":0,"31":0,"32":0,"33":0,"34":0,"35":0,"36":0,"37":0,"38":0,"39":0,"40":0,"41":0,"42":0,"43":0},"f":{"0":0,"1":1,"2":0,"3":0,"4":0},"b":{"0":[0,0],"1":[0,0],"2":[0,0],"3":[0,0],"4":[0,0],"5":[0,0],"6":[0,0],"7":[0,0]},"_coverageSchema":"1a1c01bbd47fc00a2c39e90264f33305004495a9","hash":"6694ee76d26861e9cedf522b6ed82869f4a74e6e"}
,"D:\\Icesi\\Semestre 7\\Compunet 3\\AromaVerse\\backend\\src\\exceptions\\auth.exceptions.ts": {"path":"D:\\Icesi\\Semestre 7\\Compunet 3\\AromaVerse\\backend\\src\\exceptions\\auth.exceptions.ts","statementMap":{"0":{"start":{"line":2,"column":19},"end":{"line":2,"column":40}},"1":{"start":{"line":5,"column":8},"end":{"line":5,"column":23}},"2":{"start":{"line":6,"column":8},"end":{"line":6,"column":60}}},"fnMap":{"0":{"name":"(anonymous_0)","decl":{"start":{"line":4,"column":4},"end":{"line":4,"column":5}},"loc":{"start":{"line":4,"column":33},"end":{"line":7,"column":5}},"line":4}},"branchMap":{},"s":{"0":2,"1":2,"2":2},"f":{"0":2},"b":{},"_coverageSchema":"1a1c01bbd47fc00a2c39e90264f33305004495a9","hash":"5a00cf2edcbd2ddd526dc605de08c6439ebf9a80"}
,"D:\\Icesi\\Semestre 7\\Compunet 3\\AromaVerse\\backend\\src\\exceptions\\index.ts": {"path":"D:\\Icesi\\Semestre 7\\Compunet 3\\AromaVerse\\backend\\src\\exceptions\\index.ts","statementMap":{},"fnMap":{},"branchMap":{},"s":{},"f":{},"b":{},"_coverageSchema":"1a1c01bbd47fc00a2c39e90264f33305004495a9","hash":"75e07521203b2f4e6579775d900b2033f7e083d9"}
,"D:\\Icesi\\Semestre 7\\Compunet 3\\AromaVerse\\backend\\src\\lib\\DB.ts": {"path":"D:\\Icesi\\Semestre 7\\Compunet 3\\AromaVerse\\backend\\src\\lib\\DB.ts","statementMap":{"0":{"start":{"line":4,"column":15},"end":{"line":4,"column":33}},"1":{"start":{"line":6,"column":33},"end":{"line":14,"column":1}},"2":{"start":{"line":7,"column":2},"end":{"line":13,"column":3}},"3":{"start":{"line":8,"column":4},"end":{"line":8,"column":28}},"4":{"start":{"line":9,"column":4},"end":{"line":9,"column":52}},"5":{"start":{"line":11,"column":4},"end":{"line":11,"column":62}},"6":{"start":{"line":12,"column":4},"end":{"line":12,"column":16}},"7":{"start":{"line":16,"column":26},"end":{"line":24,"column":1}},"8":{"start":{"line":17,"column":2},"end":{"line":23,"column":3}},"9":{"start":{"line":18,"column":4},"end":{"line":18,"column":31}},"10":{"start":{"line":19,"column":4},"end":{"line":19,"column":40}},"11":{"start":{"line":21,"column":4},"end":{"line":21,"column":55}},"12":{"start":{"line":22,"column":4},"end":{"line":22,"column":16}}},"fnMap":{"0":{"name":"(anonymous_0)","decl":{"start":{"line":6,"column":33},"end":{"line":6,"column":34}},"loc":{"start":{"line":6,"column":45},"end":{"line":14,"column":1}},"line":6},"1":{"name":"(anonymous_1)","decl":{"start":{"line":16,"column":26},"end":{"line":16,"column":27}},"loc":{"start":{"line":16,"column":37},"end":{"line":24,"column":1}},"line":16}},"branchMap":{},"s":{"0":2,"1":2,"2":2,"3":2,"4":2,"5":0,"6":0,"7":2,"8":4,"9":4,"10":4,"11":0,"12":0},"f":{"0":2,"1":4},"b":{},"_coverageSchema":"1a1c01bbd47fc00a2c39e90264f33305004495a9","hash":"9f19a88aee93d6a5d2bc292b3dcc35910eb7771a"}
,"D:\\Icesi\\Semestre 7\\Compunet 3\\AromaVerse\\backend\\src\\middlewares\\auth.middleware.ts": {"path":"D:\\Icesi\\Semestre 7\\Compunet 3\\AromaVerse\\backend\\src\\middlewares\\auth.middleware.ts","statementMap":{"0":{"start":{"line":5,"column":20},"end":{"line":28,"column":1}},"1":{"start":{"line":6,"column":34},"end":{"line":6,"column":61}},"2":{"start":{"line":8,"column":2},"end":{"line":12,"column":3}},"3":{"start":{"line":10,"column":4},"end":{"line":10,"column":61}},"4":{"start":{"line":11,"column":4},"end":{"line":11,"column":11}},"5":{"start":{"line":14,"column":2},"end":{"line":14,"column":39}},"6":{"start":{"line":16,"column":2},"end":{"line":27,"column":3}},"7":{"start":{"line":17,"column":25},"end":{"line":17,"column":78}},"8":{"start":{"line":18,"column":4},"end":{"line":18,"column":39}},"9":{"start":{"line":19,"column":4},"end":{"line":19,"column":11}},"10":{"start":{"line":21,"column":4},"end":{"line":24,"column":5}},"11":{"start":{"line":22,"column":6},"end":{"line":22,"column":57}},"12":{"start":{"line":23,"column":6},"end":{"line":23,"column":13}},"13":{"start":{"line":25,"column":4},"end":{"line":25,"column":55}},"14":{"start":{"line":26,"column":4},"end":{"line":26,"column":11}}},"fnMap":{"0":{"name":"(anonymous_0)","decl":{"start":{"line":5,"column":20},"end":{"line":5,"column":21}},"loc":{"start":{"line":5,"column":79},"end":{"line":28,"column":1}},"line":5}},"branchMap":{"0":{"loc":{"start":{"line":8,"column":2},"end":{"line":12,"column":3}},"type":"if","locations":[{"start":{"line":8,"column":2},"end":{"line":12,"column":3}},{"start":{},"end":{}}],"line":8},"1":{"loc":{"start":{"line":17,"column":43},"end":{"line":17,"column":77}},"type":"binary-expr","locations":[{"start":{"line":17,"column":43},"end":{"line":17,"column":65}},{"start":{"line":17,"column":69},"end":{"line":17,"column":77}}],"line":17},"2":{"loc":{"start":{"line":21,"column":4},"end":{"line":24,"column":5}},"type":"if","locations":[{"start":{"line":21,"column":4},"end":{"line":24,"column":5}},{"start":{},"end":{}}],"line":21}},"s":{"0":2,"1":22,"2":22,"3":4,"4":4,"5":18,"6":18,"7":18,"8":18,"9":18,"10":0,"11":0,"12":0,"13":0,"14":0},"f":{"0":22},"b":{"0":[4,18],"1":[18,0],"2":[0,0]},"_coverageSchema":"1a1c01bbd47fc00a2c39e90264f33305004495a9","hash":"841aeaf706a142cf5617065350821bd864d8ec75"}
,"D:\\Icesi\\Semestre 7\\Compunet 3\\AromaVerse\\backend\\src\\middlewares\\index.ts": {"path":"D:\\Icesi\\Semestre 7\\Compunet 3\\AromaVerse\\backend\\src\\middlewares\\index.ts","statementMap":{},"fnMap":{},"branchMap":{},"s":{},"f":{},"b":{},"_coverageSchema":"1a1c01bbd47fc00a2c39e90264f33305004495a9","hash":"9a03527746bd0da4f168c62ad606fba6ec8abac0"}
,"D:\\Icesi\\Semestre 7\\Compunet 3\\AromaVerse\\backend\\src\\middlewares\\role.middleware.ts": {"path":"D:\\Icesi\\Semestre 7\\Compunet 3\\AromaVerse\\backend\\src\\middlewares\\role.middleware.ts","statementMap":{"0":{"start":{"line":5,"column":2},"end":{"line":18,"column":3}},"1":{"start":{"line":6,"column":2},"end":{"line":18,"column":3}},"2":{"start":{"line":7,"column":17},"end":{"line":7,"column":36}},"3":{"start":{"line":9,"column":4},"end":{"line":11,"column":5}},"4":{"start":{"line":10,"column":6},"end":{"line":10,"column":20}},"5":{"start":{"line":13,"column":4},"end":{"line":16,"column":5}},"6":{"start":{"line":14,"column":6},"end":{"line":14,"column":104}},"7":{"start":{"line":15,"column":6},"end":{"line":15,"column":13}},"8":{"start":{"line":17,"column":4},"end":{"line":17,"column":11}}},"fnMap":{"0":{"name":"(anonymous_0)","decl":{"start":{"line":5,"column":2},"end":{"line":5,"column":3}},"loc":{"start":{"line":6,"column":2},"end":{"line":18,"column":3}},"line":6},"1":{"name":"(anonymous_1)","decl":{"start":{"line":6,"column":2},"end":{"line":6,"column":3}},"loc":{"start":{"line":6,"column":60},"end":{"line":18,"column":3}},"line":6}},"branchMap":{"0":{"loc":{"start":{"line":9,"column":4},"end":{"line":11,"column":5}},"type":"if","locations":[{"start":{"line":9,"column":4},"end":{"line":11,"column":5}},{"start":{},"end":{}}],"line":9},"1":{"loc":{"start":{"line":13,"column":4},"end":{"line":16,"column":5}},"type":"if","locations":[{"start":{"line":13,"column":4},"end":{"line":16,"column":5}},{"start":{},"end":{}}],"line":13},"2":{"loc":{"start":{"line":13,"column":8},"end":{"line":13,"column":50}},"type":"binary-expr","locations":[{"start":{"line":13,"column":8},"end":{"line":13,"column":13}},{"start":{"line":13,"column":17},"end":{"line":13,"column":50}}],"line":13}},"s":{"0":2,"1":36,"2":18,"3":18,"4":0,"5":18,"6":0,"7":0,"8":18},"f":{"0":36,"1":18},"b":{"0":[0,18],"1":[0,18],"2":[18,18]},"_coverageSchema":"1a1c01bbd47fc00a2c39e90264f33305004495a9","hash":"c023993f2c8f8d53453c7aee2b8492a9cec90f6a"}
,"D:\\Icesi\\Semestre 7\\Compunet 3\\AromaVerse\\backend\\src\\middlewares\\validateSchema.middlewares.ts": {"path":"D:\\Icesi\\Semestre 7\\Compunet 3\\AromaVerse\\backend\\src\\middlewares\\validateSchema.middlewares.ts","statementMap":{"0":{"start":{"line":4,"column":30},"end":{"line":13,"column":1}},"1":{"start":{"line":5,"column":2},"end":{"line":13,"column":1}},"2":{"start":{"line":6,"column":4},"end":{"line":12,"column":5}},"3":{"start":{"line":7,"column":6},"end":{"line":7,"column":40}},"4":{"start":{"line":8,"column":6},"end":{"line":8,"column":13}},"5":{"start":{"line":10,"column":6},"end":{"line":10,"column":34}},"6":{"start":{"line":11,"column":6},"end":{"line":11,"column":13}}},"fnMap":{"0":{"name":"(anonymous_0)","decl":{"start":{"line":4,"column":30},"end":{"line":4,"column":31}},"loc":{"start":{"line":5,"column":2},"end":{"line":13,"column":1}},"line":5},"1":{"name":"(anonymous_1)","decl":{"start":{"line":5,"column":2},"end":{"line":5,"column":3}},"loc":{"start":{"line":5,"column":76},"end":{"line":13,"column":1}},"line":5}},"branchMap":{},"s":{"0":2,"1":21,"2":21,"3":21,"4":14,"5":7,"6":7},"f":{"0":21,"1":21},"b":{},"_coverageSchema":"1a1c01bbd47fc00a2c39e90264f33305004495a9","hash":"8984a12b47a2faf74f6b8c51364c08e3898a20b1"}
,"D:\\Icesi\\Semestre 7\\Compunet 3\\AromaVerse\\backend\\src\\routes\\product.routes.ts": {"path":"D:\\Icesi\\Semestre 7\\Compunet 3\\AromaVerse\\backend\\src\\routes\\product.routes.ts","statementMap":{"0":{"start":{"line":9,"column":22},"end":{"line":9,"column":38}},"1":{"start":{"line":10,"column":28},"end":{"line":10,"column":53}},"2":{"start":{"line":11,"column":28},"end":{"line":11,"column":53}},"3":{"start":{"line":12,"column":23},"end":{"line":12,"column":43}},"4":{"start":{"line":13,"column":34},"end":{"line":13,"column":65}},"5":{"start":{"line":20,"column":0},"end":{"line":20,"column":162}},"6":{"start":{"line":20,"column":124},"end":{"line":20,"column":160}},"7":{"start":{"line":23,"column":0},"end":{"line":23,"column":138}},"8":{"start":{"line":23,"column":90},"end":{"line":23,"column":136}},"9":{"start":{"line":26,"column":0},"end":{"line":26,"column":143}},"10":{"start":{"line":26,"column":96},"end":{"line":26,"column":141}},"11":{"start":{"line":29,"column":0},"end":{"line":29,"column":140}},"12":{"start":{"line":29,"column":93},"end":{"line":29,"column":138}},"13":{"start":{"line":36,"column":0},"end":{"line":36,"column":161}},"14":{"start":{"line":36,"column":123},"end":{"line":36,"column":159}},"15":{"start":{"line":39,"column":0},"end":{"line":39,"column":147}},"16":{"start":{"line":39,"column":99},"end":{"line":39,"column":145}},"17":{"start":{"line":42,"column":0},"end":{"line":42,"column":142}},"18":{"start":{"line":42,"column":95},"end":{"line":42,"column":140}},"19":{"start":{"line":45,"column":0},"end":{"line":45,"column":140}},"20":{"start":{"line":45,"column":93},"end":{"line":45,"column":138}},"21":{"start":{"line":52,"column":0},"end":{"line":52,"column":145}},"22":{"start":{"line":52,"column":112},"end":{"line":52,"column":143}},"23":{"start":{"line":55,"column":0},"end":{"line":55,"column":121}},"24":{"start":{"line":55,"column":83},"end":{"line":55,"column":119}},"25":{"start":{"line":58,"column":0},"end":{"line":58,"column":127}},"26":{"start":{"line":58,"column":90},"end":{"line":58,"column":125}},"27":{"start":{"line":61,"column":0},"end":{"line":61,"column":124}},"28":{"start":{"line":61,"column":87},"end":{"line":61,"column":122}},"29":{"start":{"line":68,"column":0},"end":{"line":68,"column":189}},"30":{"start":{"line":68,"column":132},"end":{"line":68,"column":187}},"31":{"start":{"line":71,"column":0},"end":{"line":71,"column":160}},"32":{"start":{"line":71,"column":101},"end":{"line":71,"column":158}},"33":{"start":{"line":74,"column":0},"end":{"line":74,"column":158}},"34":{"start":{"line":74,"column":99},"end":{"line":74,"column":156}},"35":{"start":{"line":77,"column":0},"end":{"line":77,"column":185}},"36":{"start":{"line":77,"column":124},"end":{"line":77,"column":183}}},"fnMap":{"0":{"name":"(anonymous_0)","decl":{"start":{"line":20,"column":110},"end":{"line":20,"column":111}},"loc":{"start":{"line":20,"column":124},"end":{"line":20,"column":160}},"line":20},"1":{"name":"(anonymous_1)","decl":{"start":{"line":23,"column":77},"end":{"line":23,"column":78}},"loc":{"start":{"line":23,"column":90},"end":{"line":23,"column":136}},"line":23},"2":{"name":"(anonymous_2)","decl":{"start":{"line":26,"column":83},"end":{"line":26,"column":84}},"loc":{"start":{"line":26,"column":96},"end":{"line":26,"column":141}},"line":26},"3":{"name":"(anonymous_3)","decl":{"start":{"line":29,"column":80},"end":{"line":29,"column":81}},"loc":{"start":{"line":29,"column":93},"end":{"line":29,"column":138}},"line":29},"4":{"name":"(anonymous_4)","decl":{"start":{"line":36,"column":110},"end":{"line":36,"column":111}},"loc":{"start":{"line":36,"column":123},"end":{"line":36,"column":159}},"line":36},"5":{"name":"(anonymous_5)","decl":{"start":{"line":39,"column":86},"end":{"line":39,"column":87}},"loc":{"start":{"line":39,"column":99},"end":{"line":39,"column":145}},"line":39},"6":{"name":"(anonymous_6)","decl":{"start":{"line":42,"column":82},"end":{"line":42,"column":83}},"loc":{"start":{"line":42,"column":95},"end":{"line":42,"column":140}},"line":42},"7":{"name":"(anonymous_7)","decl":{"start":{"line":45,"column":80},"end":{"line":45,"column":81}},"loc":{"start":{"line":45,"column":93},"end":{"line":45,"column":138}},"line":45},"8":{"name":"(anonymous_8)","decl":{"start":{"line":52,"column":99},"end":{"line":52,"column":100}},"loc":{"start":{"line":52,"column":112},"end":{"line":52,"column":143}},"line":52},"9":{"name":"(anonymous_9)","decl":{"start":{"line":55,"column":70},"end":{"line":55,"column":71}},"loc":{"start":{"line":55,"column":83},"end":{"line":55,"column":119}},"line":55},"10":{"name":"(anonymous_10)","decl":{"start":{"line":58,"column":77},"end":{"line":58,"column":78}},"loc":{"start":{"line":58,"column":90},"end":{"line":58,"column":125}},"line":58},"11":{"name":"(anonymous_11)","decl":{"start":{"line":61,"column":74},"end":{"line":61,"column":75}},"loc":{"start":{"line":61,"column":87},"end":{"line":61,"column":122}},"line":61},"12":{"name":"(anonymous_12)","decl":{"start":{"line":68,"column":119},"end":{"line":68,"column":120}},"loc":{"start":{"line":68,"column":132},"end":{"line":68,"column":187}},"line":68},"13":{"name":"(anonymous_13)","decl":{"start":{"line":71,"column":88},"end":{"line":71,"column":89}},"loc":{"start":{"line":71,"column":101},"end":{"line":71,"column":158}},"line":71},"14":{"name":"(anonymous_14)","decl":{"start":{"line":74,"column":86},"end":{"line":74,"column":87}},"loc":{"start":{"line":74,"column":99},"end":{"line":74,"column":156}},"line":74},"15":{"name":"(anonymous_15)","decl":{"start":{"line":77,"column":111},"end":{"line":77,"column":112}},"loc":{"start":{"line":77,"column":124},"end":{"line":77,"column":183}},"line":77}},"branchMap":{},"s":{"0":2,"1":2,"2":2,"3":2,"4":2,"5":2,"6":7,"7":2,"8":1,"9":2,"10":4,"11":2,"12":3,"13":2,"14":0,"15":2,"16":0,"17":2,"18":0,"19":2,"20":0,"21":2,"22":0,"23":2,"24":0,"25":2,"26":0,"27":2,"28":0,"29":2,"30":0,"31":2,"32":0,"33":2,"34":0,"35":2,"36":0},"f":{"0":7,"1":1,"2":4,"3":3,"4":0,"5":0,"6":0,"7":0,"8":0,"9":0,"10":0,"11":0,"12":0,"13":0,"14":0,"15":0},"b":{},"_coverageSchema":"1a1c01bbd47fc00a2c39e90264f33305004495a9","hash":"235721e84022f99637034297e7d5226cb1d4ad28"}
,"D:\\Icesi\\Semestre 7\\Compunet 3\\AromaVerse\\backend\\src\\routes\\user.routes.ts": {"path":"D:\\Icesi\\Semestre 7\\Compunet 3\\AromaVerse\\backend\\src\\routes\\user.routes.ts","statementMap":{"0":{"start":{"line":8,"column":19},"end":{"line":8,"column":35}},"1":{"start":{"line":9,"column":23},"end":{"line":9,"column":43}},"2":{"start":{"line":12,"column":0},"end":{"line":12,"column":94}},"3":{"start":{"line":12,"column":61},"end":{"line":12,"column":92}},"4":{"start":{"line":15,"column":0},"end":{"line":15,"column":71}},"5":{"start":{"line":15,"column":33},"end":{"line":15,"column":69}},"6":{"start":{"line":18,"column":0},"end":{"line":18,"column":107}},"7":{"start":{"line":18,"column":70},"end":{"line":18,"column":105}},"8":{"start":{"line":21,"column":0},"end":{"line":21,"column":104}},"9":{"start":{"line":21,"column":67},"end":{"line":21,"column":102}},"10":{"start":{"line":24,"column":0},"end":{"line":24,"column":105}},"11":{"start":{"line":24,"column":73},"end":{"line":24,"column":103}}},"fnMap":{"0":{"name":"(anonymous_0)","decl":{"start":{"line":12,"column":48},"end":{"line":12,"column":49}},"loc":{"start":{"line":12,"column":61},"end":{"line":12,"column":92}},"line":12},"1":{"name":"(anonymous_1)","decl":{"start":{"line":15,"column":20},"end":{"line":15,"column":21}},"loc":{"start":{"line":15,"column":33},"end":{"line":15,"column":69}},"line":15},"2":{"name":"(anonymous_2)","decl":{"start":{"line":18,"column":57},"end":{"line":18,"column":58}},"loc":{"start":{"line":18,"column":70},"end":{"line":18,"column":105}},"line":18},"3":{"name":"(anonymous_3)","decl":{"start":{"line":21,"column":54},"end":{"line":21,"column":55}},"loc":{"start":{"line":21,"column":67},"end":{"line":21,"column":102}},"line":21},"4":{"name":"(anonymous_4)","decl":{"start":{"line":24,"column":59},"end":{"line":24,"column":60}},"loc":{"start":{"line":24,"column":73},"end":{"line":24,"column":103}},"line":24}},"branchMap":{},"s":{"0":2,"1":2,"2":2,"3":0,"4":2,"5":1,"6":2,"7":0,"8":2,"9":0,"10":2,"11":0},"f":{"0":0,"1":1,"2":0,"3":0,"4":0},"b":{},"_coverageSchema":"1a1c01bbd47fc00a2c39e90264f33305004495a9","hash":"01887aae8ee32a279e76e35d1d540e3873d3a1b4"}
,"D:\\Icesi\\Semestre 7\\Compunet 3\\AromaVerse\\backend\\src\\schemas\\index.ts": {"path":"D:\\Icesi\\Semestre 7\\Compunet 3\\AromaVerse\\backend\\src\\schemas\\index.ts","statementMap":{},"fnMap":{},"branchMap":{},"s":{},"f":{},"b":{},"_coverageSchema":"1a1c01bbd47fc00a2c39e90264f33305004495a9","hash":"2a6215e8705161d39b900a7c3aa33433e11b6c81"}
,"D:\\Icesi\\Semestre 7\\Compunet 3\\AromaVerse\\backend\\src\\schemas\\user.schemas.ts": {"path":"D:\\Icesi\\Semestre 7\\Compunet 3\\AromaVerse\\backend\\src\\schemas\\user.schemas.ts","statementMap":{"0":{"start":{"line":3,"column":26},"end":{"line":11,"column":2}},"1":{"start":{"line":13,"column":31},"end":{"line":17,"column":2}}},"fnMap":{},"branchMap":{},"s":{"0":7,"1":7},"f":{},"b":{},"_coverageSchema":"1a1c01bbd47fc00a2c39e90264f33305004495a9","hash":"6fbf7bf730f8824d5d16ec5b6873ff621f8ea09c"}
,"D:\\Icesi\\Semestre 7\\Compunet 3\\AromaVerse\\backend\\src\\schemas\\products\\container.schema.ts": {"path":"D:\\Icesi\\Semestre 7\\Compunet 3\\AromaVerse\\backend\\src\\schemas\\products\\container.schema.ts","statementMap":{"0":{"start":{"line":3,"column":31},"end":{"line":7,"column":2}}},"fnMap":{},"branchMap":{},"s":{"0":7},"f":{},"b":{},"_coverageSchema":"1a1c01bbd47fc00a2c39e90264f33305004495a9","hash":"322b83ad6baf237f0e76af16d308dcf48cfbbb19"}
,"D:\\Icesi\\Semestre 7\\Compunet 3\\AromaVerse\\backend\\src\\schemas\\products\\fragrance.schema.ts": {"path":"D:\\Icesi\\Semestre 7\\Compunet 3\\AromaVerse\\backend\\src\\schemas\\products\\fragrance.schema.ts","statementMap":{"0":{"start":{"line":3,"column":31},"end":{"line":7,"column":2}}},"fnMap":{},"branchMap":{},"s":{"0":7},"f":{},"b":{},"_coverageSchema":"1a1c01bbd47fc00a2c39e90264f33305004495a9","hash":"9d84c1eacc33ce4c8862fc9e4d81dd0cbcc9b7b9"}
,"D:\\Icesi\\Semestre 7\\Compunet 3\\AromaVerse\\backend\\src\\schemas\\products\\mood.schema.ts": {"path":"D:\\Icesi\\Semestre 7\\Compunet 3\\AromaVerse\\backend\\src\\schemas\\products\\mood.schema.ts","statementMap":{"0":{"start":{"line":3,"column":26},"end":{"line":6,"column":2}}},"fnMap":{},"branchMap":{},"s":{"0":7},"f":{},"b":{},"_coverageSchema":"1a1c01bbd47fc00a2c39e90264f33305004495a9","hash":"74b2e8d9f7d1636495220014d0a3ff001019efb6"}
,"D:\\Icesi\\Semestre 7\\Compunet 3\\AromaVerse\\backend\\src\\schemas\\products\\moodFragrance.schema.ts": {"path":"D:\\Icesi\\Semestre 7\\Compunet 3\\AromaVerse\\backend\\src\\schemas\\products\\moodFragrance.schema.ts","statementMap":{"0":{"start":{"line":3,"column":35},"end":{"line":6,"column":2}}},"fnMap":{},"branchMap":{},"s":{"0":7},"f":{},"b":{},"_coverageSchema":"1a1c01bbd47fc00a2c39e90264f33305004495a9","hash":"15be1f937719d82ab8ca2a5957a19735489ca64d"}
,"D:\\Icesi\\Semestre 7\\Compunet 3\\AromaVerse\\backend\\src\\services\\index.ts": {"path":"D:\\Icesi\\Semestre 7\\Compunet 3\\AromaVerse\\backend\\src\\services\\index.ts","statementMap":{},"fnMap":{},"branchMap":{},"s":{},"f":{},"b":{},"_coverageSchema":"1a1c01bbd47fc00a2c39e90264f33305004495a9","hash":"8469a97f36752af106ef14f1f805f4186aa26c42"}
,"D:\\Icesi\\Semestre 7\\Compunet 3\\AromaVerse\\backend\\src\\services\\products\\container.service.ts": {"path":"D:\\Icesi\\Semestre 7\\Compunet 3\\AromaVerse\\backend\\src\\services\\products\\container.service.ts","statementMap":{"0":{"start":{"line":3,"column":15},"end":{"line":3,"column":33}},"1":{"start":{"line":13,"column":8},"end":{"line":24,"column":9}},"2":{"start":{"line":14,"column":31},"end":{"line":20,"column":14}},"3":{"start":{"line":21,"column":12},"end":{"line":21,"column":32}},"4":{"start":{"line":23,"column":12},"end":{"line":23,"column":24}},"5":{"start":{"line":28,"column":8},"end":{"line":33,"column":9}},"6":{"start":{"line":29,"column":31},"end":{"line":29,"column":64}},"7":{"start":{"line":30,"column":12},"end":{"line":30,"column":30}},"8":{"start":{"line":32,"column":12},"end":{"line":32,"column":24}},"9":{"start":{"line":37,"column":8},"end":{"line":50,"column":9}},"10":{"start":{"line":38,"column":30},"end":{"line":40,"column":14}},"11":{"start":{"line":42,"column":12},"end":{"line":44,"column":13}},"12":{"start":{"line":43,"column":16},"end":{"line":43,"column":55}},"13":{"start":{"line":46,"column":12},"end":{"line":46,"column":29}},"14":{"start":{"line":48,"column":12},"end":{"line":48,"column":67}},"15":{"start":{"line":49,"column":12},"end":{"line":49,"column":24}},"16":{"start":{"line":54,"column":8},"end":{"line":66,"column":9}},"17":{"start":{"line":55,"column":12},"end":{"line":57,"column":13}},"18":{"start":{"line":56,"column":16},"end":{"line":56,"column":55}},"19":{"start":{"line":58,"column":30},"end":{"line":62,"column":14}},"20":{"start":{"line":63,"column":12},"end":{"line":63,"column":29}},"21":{"start":{"line":65,"column":12},"end":{"line":65,"column":24}},"22":{"start":{"line":74,"column":8},"end":{"line":86,"column":9}},"23":{"start":{"line":75,"column":30},"end":{"line":82,"column":14}},"24":{"start":{"line":83,"column":12},"end":{"line":83,"column":29}},"25":{"start":{"line":85,"column":12},"end":{"line":85,"column":24}}},"fnMap":{"0":{"name":"(anonymous_0)","decl":{"start":{"line":7,"column":4},"end":{"line":7,"column":5}},"loc":{"start":{"line":12,"column":23},"end":{"line":25,"column":5}},"line":12},"1":{"name":"(anonymous_1)","decl":{"start":{"line":27,"column":4},"end":{"line":27,"column":5}},"loc":{"start":{"line":27,"column":43},"end":{"line":34,"column":5}},"line":27},"2":{"name":"(anonymous_2)","decl":{"start":{"line":36,"column":4},"end":{"line":36,"column":5}},"loc":{"start":{"line":36,"column":59},"end":{"line":51,"column":5}},"line":36},"3":{"name":"(anonymous_3)","decl":{"start":{"line":53,"column":4},"end":{"line":53,"column":5}},"loc":{"start":{"line":53,"column":65},"end":{"line":67,"column":5}},"line":53},"4":{"name":"(anonymous_4)","decl":{"start":{"line":69,"column":4},"end":{"line":69,"column":5}},"loc":{"start":{"line":73,"column":28},"end":{"line":87,"column":5}},"line":73}},"branchMap":{"0":{"loc":{"start":{"line":42,"column":12},"end":{"line":44,"column":13}},"type":"if","locations":[{"start":{"line":42,"column":12},"end":{"line":44,"column":13}},{"start":{},"end":{}}],"line":42},"1":{"loc":{"start":{"line":55,"column":12},"end":{"line":57,"column":13}},"type":"if","locations":[{"start":{"line":55,"column":12},"end":{"line":57,"column":13}},{"start":{},"end":{}}],"line":55}},"s":{"0":7,"1":22,"2":22,"3":22,"4":0,"5":7,"6":7,"7":7,"8":0,"9":15,"10":15,"11":15,"12":7,"13":8,"14":7,"15":7,"16":9,"17":9,"18":0,"19":5,"20":5,"21":4,"22":6,"23":6,"24":5,"25":1},"f":{"0":22,"1":7,"2":15,"3":9,"4":6},"b":{"0":[7,8],"1":[0,5]},"_coverageSchema":"1a1c01bbd47fc00a2c39e90264f33305004495a9","hash":"9182cc6ebb824b579e63cedee0ff07ca078de210"}
,"D:\\Icesi\\Semestre 7\\Compunet 3\\AromaVerse\\backend\\src\\services\\products\\fragrance.service.ts": {"path":"D:\\Icesi\\Semestre 7\\Compunet 3\\AromaVerse\\backend\\src\\services\\products\\fragrance.service.ts","statementMap":{"0":{"start":{"line":3,"column":15},"end":{"line":3,"column":33}},"1":{"start":{"line":13,"column":8},"end":{"line":26,"column":9}},"2":{"start":{"line":14,"column":33},"end":{"line":20,"column":14}},"3":{"start":{"line":22,"column":12},"end":{"line":22,"column":32}},"4":{"start":{"line":24,"column":12},"end":{"line":24,"column":65}},"5":{"start":{"line":25,"column":12},"end":{"line":25,"column":24}},"6":{"start":{"line":30,"column":8},"end":{"line":35,"column":9}},"7":{"start":{"line":31,"column":31},"end":{"line":31,"column":64}},"8":{"start":{"line":32,"column":12},"end":{"line":32,"column":30}},"9":{"start":{"line":34,"column":12},"end":{"line":34,"column":24}},"10":{"start":{"line":39,"column":8},"end":{"line":52,"column":9}},"11":{"start":{"line":40,"column":30},"end":{"line":42,"column":14}},"12":{"start":{"line":44,"column":12},"end":{"line":46,"column":13}},"13":{"start":{"line":45,"column":16},"end":{"line":45,"column":55}},"14":{"start":{"line":48,"column":12},"end":{"line":48,"column":29}},"15":{"start":{"line":50,"column":12},"end":{"line":50,"column":66}},"16":{"start":{"line":51,"column":12},"end":{"line":51,"column":24}},"17":{"start":{"line":56,"column":8},"end":{"line":68,"column":9}},"18":{"start":{"line":57,"column":12},"end":{"line":59,"column":13}},"19":{"start":{"line":58,"column":16},"end":{"line":58,"column":55}},"20":{"start":{"line":60,"column":30},"end":{"line":64,"column":14}},"21":{"start":{"line":65,"column":12},"end":{"line":65,"column":29}},"22":{"start":{"line":67,"column":12},"end":{"line":67,"column":24}},"23":{"start":{"line":76,"column":8},"end":{"line":88,"column":9}},"24":{"start":{"line":77,"column":30},"end":{"line":84,"column":14}},"25":{"start":{"line":85,"column":12},"end":{"line":85,"column":29}},"26":{"start":{"line":87,"column":12},"end":{"line":87,"column":24}}},"fnMap":{"0":{"name":"(anonymous_0)","decl":{"start":{"line":7,"column":4},"end":{"line":7,"column":5}},"loc":{"start":{"line":12,"column":21},"end":{"line":27,"column":5}},"line":12},"1":{"name":"(anonymous_1)","decl":{"start":{"line":29,"column":4},"end":{"line":29,"column":5}},"loc":{"start":{"line":29,"column":43},"end":{"line":36,"column":5}},"line":29},"2":{"name":"(anonymous_2)","decl":{"start":{"line":38,"column":4},"end":{"line":38,"column":5}},"loc":{"start":{"line":38,"column":59},"end":{"line":53,"column":5}},"line":38},"3":{"name":"(anonymous_3)","decl":{"start":{"line":55,"column":4},"end":{"line":55,"column":5}},"loc":{"start":{"line":55,"column":65},"end":{"line":69,"column":5}},"line":55},"4":{"name":"(anonymous_4)","decl":{"start":{"line":71,"column":4},"end":{"line":71,"column":5}},"loc":{"start":{"line":75,"column":27},"end":{"line":89,"column":5}},"line":75}},"branchMap":{"0":{"loc":{"start":{"line":44,"column":12},"end":{"line":46,"column":13}},"type":"if","locations":[{"start":{"line":44,"column":12},"end":{"line":46,"column":13}},{"start":{},"end":{}}],"line":44},"1":{"loc":{"start":{"line":57,"column":12},"end":{"line":59,"column":13}},"type":"if","locations":[{"start":{"line":57,"column":12},"end":{"line":59,"column":13}},{"start":{},"end":{}}],"line":57}},"s":{"0":7,"1":26,"2":26,"3":26,"4":0,"5":0,"6":6,"7":6,"8":6,"9":0,"10":12,"11":12,"12":12,"13":6,"14":6,"15":6,"16":6,"17":6,"18":6,"19":0,"20":3,"21":3,"22":3,"23":3,"24":3,"25":3,"26":0},"f":{"0":26,"1":6,"2":12,"3":6,"4":3},"b":{"0":[6,6],"1":[0,3]},"_coverageSchema":"1a1c01bbd47fc00a2c39e90264f33305004495a9","hash":"b3fd07f456dbdce33adaf5ed9c31c7b571d047ff"}
,"D:\\Icesi\\Semestre 7\\Compunet 3\\AromaVerse\\backend\\src\\services\\products\\mood.service.ts": {"path":"D:\\Icesi\\Semestre 7\\Compunet 3\\AromaVerse\\backend\\src\\services\\products\\mood.service.ts","statementMap":{"0":{"start":{"line":3,"column":15},"end":{"line":3,"column":33}},"1":{"start":{"line":13,"column":8},"end":{"line":24,"column":9}},"2":{"start":{"line":14,"column":28},"end":{"line":19,"column":14}},"3":{"start":{"line":21,"column":12},"end":{"line":21,"column":27}},"4":{"start":{"line":23,"column":12},"end":{"line":23,"column":24}},"5":{"start":{"line":28,"column":8},"end":{"line":33,"column":9}},"6":{"start":{"line":29,"column":26},"end":{"line":29,"column":54}},"7":{"start":{"line":30,"column":12},"end":{"line":30,"column":25}},"8":{"start":{"line":32,"column":12},"end":{"line":32,"column":24}},"9":{"start":{"line":37,"column":8},"end":{"line":48,"column":9}},"10":{"start":{"line":38,"column":25},"end":{"line":40,"column":14}},"11":{"start":{"line":41,"column":12},"end":{"line":43,"column":13}},"12":{"start":{"line":42,"column":16},"end":{"line":42,"column":50}},"13":{"start":{"line":44,"column":12},"end":{"line":44,"column":24}},"14":{"start":{"line":46,"column":12},"end":{"line":46,"column":61}},"15":{"start":{"line":47,"column":12},"end":{"line":47,"column":24}},"16":{"start":{"line":52,"column":8},"end":{"line":64,"column":9}},"17":{"start":{"line":53,"column":12},"end":{"line":55,"column":13}},"18":{"start":{"line":54,"column":16},"end":{"line":54,"column":50}},"19":{"start":{"line":56,"column":25},"end":{"line":60,"column":14}},"20":{"start":{"line":61,"column":12},"end":{"line":61,"column":24}},"21":{"start":{"line":63,"column":12},"end":{"line":63,"column":24}},"22":{"start":{"line":71,"column":8},"end":{"line":82,"column":9}},"23":{"start":{"line":72,"column":25},"end":{"line":78,"column":14}},"24":{"start":{"line":79,"column":12},"end":{"line":79,"column":24}},"25":{"start":{"line":81,"column":12},"end":{"line":81,"column":24}}},"fnMap":{"0":{"name":"(anonymous_0)","decl":{"start":{"line":8,"column":4},"end":{"line":8,"column":5}},"loc":{"start":{"line":12,"column":21},"end":{"line":25,"column":5}},"line":12},"1":{"name":"(anonymous_1)","decl":{"start":{"line":27,"column":4},"end":{"line":27,"column":5}},"loc":{"start":{"line":27,"column":43},"end":{"line":34,"column":5}},"line":27},"2":{"name":"(anonymous_2)","decl":{"start":{"line":36,"column":4},"end":{"line":36,"column":5}},"loc":{"start":{"line":36,"column":59},"end":{"line":49,"column":5}},"line":36},"3":{"name":"(anonymous_3)","decl":{"start":{"line":51,"column":4},"end":{"line":51,"column":5}},"loc":{"start":{"line":51,"column":60},"end":{"line":65,"column":5}},"line":51},"4":{"name":"(anonymous_4)","decl":{"start":{"line":67,"column":4},"end":{"line":67,"column":5}},"loc":{"start":{"line":70,"column":27},"end":{"line":83,"column":5}},"line":70}},"branchMap":{"0":{"loc":{"start":{"line":41,"column":12},"end":{"line":43,"column":13}},"type":"if","locations":[{"start":{"line":41,"column":12},"end":{"line":43,"column":13}},{"start":{},"end":{}}],"line":41},"1":{"loc":{"start":{"line":53,"column":12},"end":{"line":55,"column":13}},"type":"if","locations":[{"start":{"line":53,"column":12},"end":{"line":55,"column":13}},{"start":{},"end":{}}],"line":53}},"s":{"0":7,"1":27,"2":27,"3":27,"4":0,"5":6,"6":6,"7":6,"8":0,"9":12,"10":12,"11":12,"12":6,"13":6,"14":6,"15":6,"16":6,"17":6,"18":0,"19":3,"20":3,"21":3,"22":3,"23":3,"24":3,"25":0},"f":{"0":27,"1":6,"2":12,"3":6,"4":3},"b":{"0":[6,6],"1":[0,3]},"_coverageSchema":"1a1c01bbd47fc00a2c39e90264f33305004495a9","hash":"ee9b0037db19ae2d292d44b8b422f1c2cc482923"}
,"D:\\Icesi\\Semestre 7\\Compunet 3\\AromaVerse\\backend\\src\\services\\products\\mood_fragrance.service.ts": {"path":"D:\\Icesi\\Semestre 7\\Compunet 3\\AromaVerse\\backend\\src\\services\\products\\mood_fragrance.service.ts","statementMap":{"0":{"start":{"line":3,"column":15},"end":{"line":3,"column":33}},"1":{"start":{"line":10,"column":8},"end":{"line":27,"column":9}},"2":{"start":{"line":11,"column":30},"end":{"line":20,"column":14}},"3":{"start":{"line":22,"column":12},"end":{"line":22,"column":110}},"4":{"start":{"line":22,"column":98},"end":{"line":22,"column":110}},"5":{"start":{"line":24,"column":12},"end":{"line":24,"column":63}},"6":{"start":{"line":24,"column":54},"end":{"line":24,"column":61}},"7":{"start":{"line":26,"column":12},"end":{"line":26,"column":24}},"8":{"start":{"line":33,"column":8},"end":{"line":50,"column":9}},"9":{"start":{"line":34,"column":25},"end":{"line":43,"column":14}},"10":{"start":{"line":45,"column":12},"end":{"line":45,"column":59}},"11":{"start":{"line":45,"column":47},"end":{"line":45,"column":59}},"12":{"start":{"line":47,"column":12},"end":{"line":47,"column":63}},"13":{"start":{"line":47,"column":49},"end":{"line":47,"column":61}},"14":{"start":{"line":49,"column":12},"end":{"line":49,"column":24}},"15":{"start":{"line":54,"column":8},"end":{"line":77,"column":9}},"16":{"start":{"line":55,"column":25},"end":{"line":57,"column":14}},"17":{"start":{"line":58,"column":12},"end":{"line":60,"column":13}},"18":{"start":{"line":59,"column":16},"end":{"line":59,"column":49}},"19":{"start":{"line":61,"column":30},"end":{"line":63,"column":14}},"20":{"start":{"line":64,"column":12},"end":{"line":66,"column":13}},"21":{"start":{"line":65,"column":16},"end":{"line":65,"column":55}},"22":{"start":{"line":67,"column":29},"end":{"line":72,"column":14}},"23":{"start":{"line":73,"column":12},"end":{"line":73,"column":27}},"24":{"start":{"line":75,"column":12},"end":{"line":75,"column":66}},"25":{"start":{"line":76,"column":12},"end":{"line":76,"column":24}},"26":{"start":{"line":81,"column":8},"end":{"line":109,"column":9}},"27":{"start":{"line":82,"column":25},"end":{"line":84,"column":14}},"28":{"start":{"line":85,"column":12},"end":{"line":87,"column":13}},"29":{"start":{"line":86,"column":16},"end":{"line":86,"column":50}},"30":{"start":{"line":89,"column":30},"end":{"line":91,"column":14}},"31":{"start":{"line":93,"column":12},"end":{"line":95,"column":13}},"32":{"start":{"line":94,"column":16},"end":{"line":94,"column":54}},"33":{"start":{"line":97,"column":29},"end":{"line":104,"column":14}},"34":{"start":{"line":105,"column":12},"end":{"line":105,"column":28}},"35":{"start":{"line":107,"column":12},"end":{"line":107,"column":70}},"36":{"start":{"line":108,"column":12},"end":{"line":108,"column":24}}},"fnMap":{"0":{"name":"(anonymous_0)","decl":{"start":{"line":9,"column":4},"end":{"line":9,"column":5}},"loc":{"start":{"line":9,"column":74},"end":{"line":28,"column":5}},"line":9},"1":{"name":"(anonymous_1)","decl":{"start":{"line":24,"column":48},"end":{"line":24,"column":49}},"loc":{"start":{"line":24,"column":54},"end":{"line":24,"column":61}},"line":24},"2":{"name":"(anonymous_2)","decl":{"start":{"line":32,"column":4},"end":{"line":32,"column":5}},"loc":{"start":{"line":32,"column":69},"end":{"line":51,"column":5}},"line":32},"3":{"name":"(anonymous_3)","decl":{"start":{"line":47,"column":43},"end":{"line":47,"column":44}},"loc":{"start":{"line":47,"column":49},"end":{"line":47,"column":61}},"line":47},"4":{"name":"(anonymous_4)","decl":{"start":{"line":53,"column":4},"end":{"line":53,"column":5}},"loc":{"start":{"line":53,"column":88},"end":{"line":78,"column":5}},"line":53},"5":{"name":"(anonymous_5)","decl":{"start":{"line":80,"column":4},"end":{"line":80,"column":5}},"loc":{"start":{"line":80,"column":92},"end":{"line":110,"column":5}},"line":80}},"branchMap":{"0":{"loc":{"start":{"line":22,"column":12},"end":{"line":22,"column":110}},"type":"if","locations":[{"start":{"line":22,"column":12},"end":{"line":22,"column":110}},{"start":{},"end":{}}],"line":22},"1":{"loc":{"start":{"line":22,"column":16},"end":{"line":22,"column":96}},"type":"binary-expr","locations":[{"start":{"line":22,"column":16},"end":{"line":22,"column":26}},{"start":{"line":22,"column":30},"end":{"line":22,"column":55}},{"start":{"line":22,"column":59},"end":{"line":22,"column":96}}],"line":22},"2":{"loc":{"start":{"line":45,"column":12},"end":{"line":45,"column":59}},"type":"if","locations":[{"start":{"line":45,"column":12},"end":{"line":45,"column":59}},{"start":{},"end":{}}],"line":45},"3":{"loc":{"start":{"line":45,"column":16},"end":{"line":45,"column":45}},"type":"binary-expr","locations":[{"start":{"line":45,"column":16},"end":{"line":45,"column":21}},{"start":{"line":45,"column":25},"end":{"line":45,"column":45}}],"line":45},"4":{"loc":{"start":{"line":58,"column":12},"end":{"line":60,"column":13}},"type":"if","locations":[{"start":{"line":58,"column":12},"end":{"line":60,"column":13}},{"start":{},"end":{}}],"line":58},"5":{"loc":{"start":{"line":64,"column":12},"end":{"line":66,"column":13}},"type":"if","locations":[{"start":{"line":64,"column":12},"end":{"line":66,"column":13}},{"start":{},"end":{}}],"line":64},"6":{"loc":{"start":{"line":85,"column":12},"end":{"line":87,"column":13}},"type":"if","locations":[{"start":{"line":85,"column":12},"end":{"line":87,"column":13}},{"start":{},"end":{}}],"line":85},"7":{"loc":{"start":{"line":93,"column":12},"end":{"line":95,"column":13}},"type":"if","locations":[{"start":{"line":93,"column":12},"end":{"line":95,"column":13}},{"start":{},"end":{}}],"line":93}},"s":{"0":7,"1":12,"2":12,"3":12,"4":2,"5":10,"6":12,"7":0,"8":0,"9":0,"10":0,"11":0,"12":0,"13":0,"14":0,"15":14,"16":14,"17":14,"18":1,"19":13,"20":13,"21":1,"22":12,"23":12,"24":2,"25":2,"26":3,"27":3,"28":3,"29":0,"30":3,"31":3,"32":0,"33":3,"34":3,"35":0,"36":0},"f":{"0":12,"1":12,"2":0,"3":0,"4":14,"5":3},"b":{"0":[2,10],"1":[12,11,11],"2":[0,0],"3":[0,0],"4":[1,13],"5":[1,12],"6":[0,3],"7":[0,3]},"_coverageSchema":"1a1c01bbd47fc00a2c39e90264f33305004495a9","hash":"00ba822f46105f85e3d525b4af7a6dba5083f3f2"}
,"D:\\Icesi\\Semestre 7\\Compunet 3\\AromaVerse\\backend\\src\\services\\user\\user.service.ts": {"path":"D:\\Icesi\\Semestre 7\\Compunet 3\\AromaVerse\\backend\\src\\services\\user\\user.service.ts","statementMap":{"0":{"start":{"line":6,"column":15},"end":{"line":6,"column":33}},"1":{"start":{"line":11,"column":4},"end":{"line":20,"column":5}},"2":{"start":{"line":12,"column":6},"end":{"line":16,"column":9}},"3":{"start":{"line":18,"column":6},"end":{"line":18,"column":68}},"4":{"start":{"line":19,"column":6},"end":{"line":19,"column":18}},"5":{"start":{"line":24,"column":4},"end":{"line":33,"column":5}},"6":{"start":{"line":25,"column":6},"end":{"line":29,"column":7}},"7":{"start":{"line":31,"column":6},"end":{"line":31,"column":52}},"8":{"start":{"line":32,"column":6},"end":{"line":32,"column":18}},"9":{"start":{"line":37,"column":4},"end":{"line":60,"column":5}},"10":{"start":{"line":38,"column":25},"end":{"line":38,"column":64}},"11":{"start":{"line":39,"column":6},"end":{"line":41,"column":7}},"12":{"start":{"line":40,"column":8},"end":{"line":40,"column":46}},"13":{"start":{"line":42,"column":6},"end":{"line":44,"column":7}},"14":{"start":{"line":43,"column":8},"end":{"line":43,"column":48}},"15":{"start":{"line":46,"column":20},"end":{"line":46,"column":88}},"16":{"start":{"line":48,"column":6},"end":{"line":56,"column":8}},"17":{"start":{"line":58,"column":6},"end":{"line":58,"column":45}},"18":{"start":{"line":59,"column":6},"end":{"line":59,"column":18}},"19":{"start":{"line":72,"column":4},"end":{"line":100,"column":5}},"20":{"start":{"line":74,"column":25},"end":{"line":74,"column":64}},"21":{"start":{"line":76,"column":6},"end":{"line":79,"column":7}},"22":{"start":{"line":78,"column":8},"end":{"line":78,"column":48}},"23":{"start":{"line":81,"column":6},"end":{"line":83,"column":7}},"24":{"start":{"line":82,"column":8},"end":{"line":82,"column":71}},"25":{"start":{"line":85,"column":19},"end":{"line":94,"column":8}},"26":{"start":{"line":96,"column":6},"end":{"line":96,"column":18}},"27":{"start":{"line":99,"column":6},"end":{"line":99,"column":18}},"28":{"start":{"line":105,"column":4},"end":{"line":111,"column":5}},"29":{"start":{"line":106,"column":20},"end":{"line":106,"column":55}},"30":{"start":{"line":107,"column":6},"end":{"line":107,"column":19}},"31":{"start":{"line":109,"column":6},"end":{"line":109,"column":60}},"32":{"start":{"line":110,"column":6},"end":{"line":110,"column":18}},"33":{"start":{"line":116,"column":4},"end":{"line":124,"column":5}},"34":{"start":{"line":117,"column":19},"end":{"line":119,"column":8}},"35":{"start":{"line":120,"column":6},"end":{"line":120,"column":18}},"36":{"start":{"line":122,"column":6},"end":{"line":122,"column":65}},"37":{"start":{"line":123,"column":6},"end":{"line":123,"column":18}},"38":{"start":{"line":129,"column":4},"end":{"line":141,"column":5}},"39":{"start":{"line":130,"column":19},"end":{"line":130,"column":42}},"40":{"start":{"line":131,"column":6},"end":{"line":133,"column":7}},"41":{"start":{"line":132,"column":8},"end":{"line":132,"column":42}},"42":{"start":{"line":134,"column":6},"end":{"line":136,"column":9}},"43":{"start":{"line":137,"column":6},"end":{"line":137,"column":18}},"44":{"start":{"line":139,"column":6},"end":{"line":139,"column":60}},"45":{"start":{"line":140,"column":6},"end":{"line":140,"column":18}},"46":{"start":{"line":146,"column":4},"end":{"line":167,"column":5}},"47":{"start":{"line":147,"column":25},"end":{"line":147,"column":48}},"48":{"start":{"line":148,"column":6},"end":{"line":150,"column":7}},"49":{"start":{"line":149,"column":8},"end":{"line":149,"column":42}},"50":{"start":{"line":153,"column":6},"end":{"line":155,"column":7}},"51":{"start":{"line":154,"column":8},"end":{"line":154,"column":71}},"52":{"start":{"line":157,"column":26},"end":{"line":160,"column":8}},"53":{"start":{"line":162,"column":6},"end":{"line":162,"column":25}},"54":{"start":{"line":165,"column":6},"end":{"line":165,"column":62}},"55":{"start":{"line":166,"column":6},"end":{"line":166,"column":18}}},"fnMap":{"0":{"name":"(anonymous_0)","decl":{"start":{"line":10,"column":2},"end":{"line":10,"column":3}},"loc":{"start":{"line":10,"column":64},"end":{"line":21,"column":3}},"line":10},"1":{"name":"(anonymous_1)","decl":{"start":{"line":23,"column":2},"end":{"line":23,"column":3}},"loc":{"start":{"line":23,"column":73},"end":{"line":34,"column":3}},"line":23},"2":{"name":"(anonymous_2)","decl":{"start":{"line":36,"column":2},"end":{"line":36,"column":3}},"loc":{"start":{"line":36,"column":81},"end":{"line":61,"column":3}},"line":36},"3":{"name":"(anonymous_3)","decl":{"start":{"line":64,"column":2},"end":{"line":64,"column":3}},"loc":{"start":{"line":71,"column":19},"end":{"line":101,"column":3}},"line":71},"4":{"name":"(anonymous_4)","decl":{"start":{"line":104,"column":2},"end":{"line":104,"column":3}},"loc":{"start":{"line":104,"column":40},"end":{"line":112,"column":3}},"line":104},"5":{"name":"(anonymous_5)","decl":{"start":{"line":115,"column":2},"end":{"line":115,"column":3}},"loc":{"start":{"line":115,"column":56},"end":{"line":125,"column":3}},"line":115},"6":{"name":"(anonymous_6)","decl":{"start":{"line":128,"column":2},"end":{"line":128,"column":3}},"loc":{"start":{"line":128,"column":58},"end":{"line":142,"column":3}},"line":128},"7":{"name":"(anonymous_7)","decl":{"start":{"line":145,"column":2},"end":{"line":145,"column":3}},"loc":{"start":{"line":145,"column":74},"end":{"line":168,"column":3}},"line":145}},"branchMap":{"0":{"loc":{"start":{"line":27,"column":8},"end":{"line":27,"column":42}},"type":"binary-expr","locations":[{"start":{"line":27,"column":8},"end":{"line":27,"column":30}},{"start":{"line":27,"column":34},"end":{"line":27,"column":42}}],"line":27},"1":{"loc":{"start":{"line":39,"column":6},"end":{"line":41,"column":7}},"type":"if","locations":[{"start":{"line":39,"column":6},"end":{"line":41,"column":7}},{"start":{},"end":{}}],"line":39},"2":{"loc":{"start":{"line":42,"column":6},"end":{"line":44,"column":7}},"type":"if","locations":[{"start":{"line":42,"column":6},"end":{"line":44,"column":7}},{"start":{},"end":{}}],"line":42},"3":{"loc":{"start":{"line":76,"column":6},"end":{"line":79,"column":7}},"type":"if","locations":[{"start":{"line":76,"column":6},"end":{"line":79,"column":7}},{"start":{},"end":{}}],"line":76},"4":{"loc":{"start":{"line":81,"column":6},"end":{"line":83,"column":7}},"type":"if","locations":[{"start":{"line":81,"column":6},"end":{"line":83,"column":7}},{"start":{},"end":{}}],"line":81},"5":{"loc":{"start":{"line":131,"column":6},"end":{"line":133,"column":7}},"type":"if","locations":[{"start":{"line":131,"column":6},"end":{"line":133,"column":7}},{"start":{},"end":{}}],"line":131},"6":{"loc":{"start":{"line":148,"column":6},"end":{"line":150,"column":7}},"type":"if","locations":[{"start":{"line":148,"column":6},"end":{"line":150,"column":7}},{"start":{},"end":{}}],"line":148},"7":{"loc":{"start":{"line":153,"column":6},"end":{"line":155,"column":7}},"type":"if","locations":[{"start":{"line":153,"column":6},"end":{"line":155,"column":7}},{"start":{},"end":{}}],"line":153}},"s":{"0":7,"1":19,"2":19,"3":0,"4":0,"5":2,"6":2,"7":0,"8":0,"9":4,"10":4,"11":4,"12":1,"13":3,"14":1,"15":2,"16":2,"17":2,"18":2,"19":15,"20":15,"21":15,"22":0,"23":15,"24":15,"25":15,"26":15,"27":0,"28":6,"29":6,"30":6,"31":0,"32":0,"33":17,"34":17,"35":17,"36":0,"37":0,"38":6,"39":6,"40":6,"41":3,"42":3,"43":3,"44":3,"45":3,"46":6,"47":6,"48":6,"49":3,"50":3,"51":0,"52":3,"53":3,"54":3,"55":3},"f":{"0":19,"1":2,"2":4,"3":15,"4":6,"5":17,"6":6,"7":6},"b":{"0":[2,2],"1":[1,3],"2":[1,2],"3":[0,15],"4":[15,0],"5":[3,3],"6":[3,3],"7":[0,3]},"_coverageSchema":"1a1c01bbd47fc00a2c39e90264f33305004495a9","hash":"1922dfccf4f42d6b419422c530eabbfde32a9144"}
,"D:\\Icesi\\Semestre 7\\Compunet 3\\AromaVerse\\backend\\src\\utils\\testServer.ts": {"path":"D:\\Icesi\\Semestre 7\\Compunet 3\\AromaVerse\\backend\\src\\utils\\testServer.ts","statementMap":{"0":{"start":{"line":6,"column":2},"end":{"line":6,"column":24}}},"fnMap":{"0":{"name":"testServer","decl":{"start":{"line":5,"column":9},"end":{"line":5,"column":19}},"loc":{"start":{"line":5,"column":34},"end":{"line":7,"column":1}},"line":5}},"branchMap":{},"s":{"0":2},"f":{"0":2},"b":{},"_coverageSchema":"1a1c01bbd47fc00a2c39e90264f33305004495a9","hash":"621a34dcc08ee825b1da781ecbd6c8ec863a53ae"}
}
