TN:
SF:index.js
FN:2,(anonymous_0)
FN:6,(anonymous_1)
FN:9,(anonymous_2)
FN:13,(anonymous_3)
FN:15,(anonymous_4)
FN:18,(anonymous_5)
FN:19,(anonymous_6)
FN:20,(anonymous_7)
FN:27,(anonymous_8)
FN:35,(anonymous_9)
FN:49,(anonymous_10)
FN:56,(anonymous_11)
FN:59,(anonymous_12)
FN:63,(anonymous_13)
FNF:14
FNH:9
FNDA:7,(anonymous_0)
FNDA:1,(anonymous_1)
FNDA:0,(anonymous_2)
FNDA:1,(anonymous_3)
FNDA:0,(anonymous_4)
FNDA:1,(anonymous_5)
FNDA:1,(anonymous_6)
FNDA:0,(anonymous_7)
FNDA:1,(anonymous_8)
FNDA:3,(anonymous_9)
FNDA:0,(anonymous_10)
FNDA:1,(anonymous_11)
FNDA:1,(anonymous_12)
FNDA:0,(anonymous_13)
DA:2,1
DA:3,7
DA:4,7
DA:5,7
DA:6,7
DA:8,7
DA:10,0
DA:11,0
DA:13,1
DA:14,1
DA:16,0
DA:18,1
DA:19,1
DA:20,1
DA:21,0
DA:22,0
DA:23,0
DA:25,1
DA:27,1
DA:28,1
DA:29,1
DA:30,7
DA:31,1
DA:32,1
DA:35,1
DA:36,3
DA:38,1
DA:39,1
DA:40,1
DA:41,1
DA:42,1
DA:43,1
DA:44,1
DA:45,1
DA:46,1
DA:47,1
DA:48,1
DA:49,1
DA:50,0
DA:52,1
DA:53,1
DA:55,1
DA:57,1
DA:59,1
DA:60,1
DA:64,0
DA:65,0
DA:67,1
LF:48
LH:39
BRDA:2,0,0,1
BRDA:2,0,1,0
BRDA:2,0,2,1
BRDA:2,1,0,1
BRDA:2,1,1,0
BRDA:3,2,0,7
BRDA:3,2,1,0
BRDA:5,3,0,7
BRDA:5,3,1,0
BRDA:5,4,0,7
BRDA:5,4,1,7
BRDA:5,5,0,0
BRDA:5,5,1,7
BRDA:5,6,0,7
BRDA:5,6,1,0
BRDA:10,7,0,0
BRDA:10,7,1,0
BRDA:13,8,0,1
BRDA:13,8,1,0
BRDA:13,8,2,1
BRDA:13,9,0,1
BRDA:13,9,1,0
BRDA:18,10,0,1
BRDA:18,10,1,0
BRDA:18,10,2,1
BRDA:20,11,0,1
BRDA:20,11,1,0
BRDA:22,12,0,0
BRDA:22,12,1,0
BRDA:28,13,0,0
BRDA:28,13,1,1
BRDA:28,14,0,1
BRDA:28,14,1,1
BRDA:30,15,0,1
BRDA:30,15,1,0
BRDA:30,16,0,7
BRDA:30,16,1,0
BRDA:35,17,0,1
BRDA:35,17,1,0
BRDA:35,17,2,1
BRDA:36,18,0,2
BRDA:36,18,1,1
BRDA:36,19,0,3
BRDA:36,19,1,3
BRDA:46,20,0,1
BRDA:46,20,1,0
BRF:46
BRH:27
end_of_record
TN:
SF:index.ts
FN:15,(anonymous_0)
FN:24,(anonymous_1)
FN:28,(anonymous_2)
FN:32,(anonymous_3)
FNF:4
FNH:1
FNDA:0,(anonymous_0)
FNDA:1,(anonymous_1)
FNDA:0,(anonymous_2)
FNDA:0,(anonymous_3)
DA:7,1
DA:9,1
DA:10,1
DA:12,1
DA:13,1
DA:15,1
DA:16,0
DA:19,1
DA:20,1
DA:23,1
DA:25,1
DA:28,1
DA:29,0
DA:33,0
DA:34,0
LF:15
LH:11
BRDA:10,0,0,1
BRDA:10,0,1,0
BRF:2
BRH:1
end_of_record
TN:
SF:src\controllers\index.ts
FNF:0
FNH:0
LF:0
LH:0
BRF:0
BRH:0
end_of_record
TN:
SF:src\controllers\Products\container.controller.ts
FN:12,(anonymous_0)
FN:16,(anonymous_1)
FN:31,(anonymous_2)
FN:40,(anonymous_3)
FN:58,(anonymous_4)
FNF:5
FNH:5
FNDA:7,(anonymous_0)
FNDA:7,(anonymous_1)
FNDA:1,(anonymous_2)
FNDA:4,(anonymous_3)
FNDA:3,(anonymous_4)
DA:7,2
DA:13,7
DA:14,7
DA:15,7
DA:16,7
DA:18,7
DA:19,7
DA:22,0
DA:23,0
DA:24,0
DA:25,0
DA:32,1
DA:33,1
DA:34,1
DA:36,0
DA:41,4
DA:42,4
DA:43,4
DA:44,1
DA:45,1
DA:47,3
DA:48,2
DA:50,1
DA:51,1
DA:52,1
DA:53,1
DA:59,3
DA:60,3
DA:61,3
DA:62,3
DA:63,2
DA:65,1
DA:66,1
DA:67,0
DA:68,0
DA:70,1
LF:36
LH:29
BRDA:22,0,0,0
BRDA:22,0,1,0
BRDA:23,1,0,0
BRDA:23,1,1,0
BRDA:23,2,0,0
BRDA:23,2,1,0
BRDA:23,2,2,0
BRDA:43,3,0,1
BRDA:43,3,1,3
BRDA:51,4,0,1
BRDA:51,4,1,0
BRDA:51,5,0,1
BRDA:51,5,1,1
BRDA:66,6,0,0
BRDA:66,6,1,1
BRDA:66,7,0,1
BRDA:66,7,1,1
BRF:17
BRH:8
end_of_record
TN:
SF:src\controllers\Products\fragrance.controller.ts
FN:9,(anonymous_0)
FN:23,(anonymous_1)
FN:32,(anonymous_2)
FN:46,(anonymous_3)
FNF:4
FNH:0
FNDA:0,(anonymous_0)
FNDA:0,(anonymous_1)
FNDA:0,(anonymous_2)
FNDA:0,(anonymous_3)
DA:5,2
DA:10,0
DA:11,0
DA:12,0
DA:13,0
DA:15,0
DA:16,0
DA:17,0
DA:19,0
DA:24,0
DA:25,0
DA:26,0
DA:28,0
DA:33,0
DA:34,0
DA:35,0
DA:37,0
DA:38,0
DA:39,0
DA:40,0
DA:42,0
DA:47,0
DA:48,0
DA:49,0
DA:50,0
DA:51,0
DA:53,0
DA:54,0
DA:55,0
DA:56,0
DA:58,0
LF:31
LH:1
BRDA:15,0,0,0
BRDA:15,0,1,0
BRDA:15,1,0,0
BRDA:15,1,1,0
BRDA:38,2,0,0
BRDA:38,2,1,0
BRDA:38,3,0,0
BRDA:38,3,1,0
BRDA:54,4,0,0
BRDA:54,4,1,0
BRDA:54,5,0,0
BRDA:54,5,1,0
BRF:12
BRH:0
end_of_record
TN:
SF:src\controllers\Products\mood.controller.ts
FN:9,(anonymous_0)
FN:23,(anonymous_1)
FN:32,(anonymous_2)
FN:46,(anonymous_3)
FNF:4
FNH:0
FNDA:0,(anonymous_0)
FNDA:0,(anonymous_1)
FNDA:0,(anonymous_2)
FNDA:0,(anonymous_3)
DA:5,2
DA:10,0
DA:11,0
DA:12,0
DA:13,0
DA:15,0
DA:16,0
DA:17,0
DA:19,0
DA:24,0
DA:25,0
DA:26,0
DA:28,0
DA:33,0
DA:34,0
DA:35,0
DA:37,0
DA:38,0
DA:39,0
DA:40,0
DA:42,0
DA:47,0
DA:48,0
DA:49,0
DA:50,0
DA:51,0
DA:53,0
DA:54,0
DA:55,0
DA:56,0
DA:58,0
LF:31
LH:1
BRDA:15,0,0,0
BRDA:15,0,1,0
BRDA:15,1,0,0
BRDA:15,1,1,0
BRDA:38,2,0,0
BRDA:38,2,1,0
BRDA:38,3,0,0
BRDA:38,3,1,0
BRDA:54,4,0,0
BRDA:54,4,1,0
BRDA:54,5,0,0
BRDA:54,5,1,0
BRF:12
BRH:0
end_of_record
TN:
SF:src\controllers\Products\mood_fragrance.controller.ts
FN:9,(anonymous_0)
FN:18,(anonymous_1)
FN:27,(anonymous_2)
FN:48,(anonymous_3)
FNF:4
FNH:0
FNDA:0,(anonymous_0)
FNDA:0,(anonymous_1)
FNDA:0,(anonymous_2)
FNDA:0,(anonymous_3)
DA:5,2
DA:10,0
DA:11,0
DA:12,0
DA:14,0
DA:19,0
DA:20,0
DA:21,0
DA:23,0
DA:28,0
DA:29,0
DA:30,0
DA:31,0
DA:32,0
DA:36,0
DA:37,0
DA:39,0
DA:40,0
DA:41,0
DA:43,0
DA:44,0
DA:49,0
DA:50,0
DA:52,0
DA:53,0
DA:54,0
DA:57,0
DA:60,0
DA:63,0
DA:64,0
DA:65,0
DA:66,0
DA:68,0
DA:69,0
LF:34
LH:1
BRDA:30,0,0,0
BRDA:30,0,1,0
BRDA:30,1,0,0
BRDA:30,1,1,0
BRDA:39,2,0,0
BRDA:39,2,1,0
BRDA:39,3,0,0
BRDA:39,3,1,0
BRDA:52,4,0,0
BRDA:52,4,1,0
BRDA:52,5,0,0
BRDA:52,5,1,0
BRDA:64,6,0,0
BRDA:64,6,1,0
BRDA:64,7,0,0
BRDA:64,7,1,0
BRF:16
BRH:0
end_of_record
TN:
SF:src\controllers\user\user.controller.ts
FN:10,(anonymous_0)
FN:26,(anonymous_1)
FN:36,(anonymous_2)
FN:51,(anonymous_3)
FN:79,(anonymous_4)
FNF:5
FNH:1
FNDA:0,(anonymous_0)
FNDA:1,(anonymous_1)
FNDA:0,(anonymous_2)
FNDA:0,(anonymous_3)
FNDA:0,(anonymous_4)
DA:6,2
DA:11,0
DA:12,0
DA:13,0
DA:17,0
DA:18,0
DA:19,0
DA:22,0
DA:27,1
DA:28,1
DA:29,1
DA:31,0
DA:32,0
DA:37,0
DA:38,0
DA:39,0
DA:40,0
DA:42,0
DA:43,0
DA:44,0
DA:45,0
DA:47,0
DA:52,0
DA:53,0
DA:54,0
DA:55,0
DA:58,0
DA:60,0
DA:63,0
DA:64,0
DA:66,0
DA:69,0
DA:70,0
DA:71,0
DA:72,0
DA:74,0
DA:80,0
DA:81,0
DA:82,0
DA:84,0
DA:85,0
DA:86,0
DA:87,0
DA:89,0
LF:44
LH:4
BRDA:17,0,0,0
BRDA:17,0,1,0
BRDA:17,1,0,0
BRDA:17,1,1,0
BRDA:43,2,0,0
BRDA:43,2,1,0
BRDA:43,3,0,0
BRDA:43,3,1,0
BRDA:63,4,0,0
BRDA:63,4,1,0
BRDA:70,5,0,0
BRDA:70,5,1,0
BRDA:70,6,0,0
BRDA:70,6,1,0
BRDA:85,7,0,0
BRDA:85,7,1,0
BRF:16
BRH:0
end_of_record
TN:
SF:src\exceptions\auth.exceptions.ts
FN:4,(anonymous_0)
FNF:1
FNH:1
FNDA:2,(anonymous_0)
DA:2,2
DA:5,2
DA:6,2
LF:3
LH:3
BRF:0
BRH:0
end_of_record
TN:
SF:src\exceptions\index.ts
FNF:0
FNH:0
LF:0
LH:0
BRF:0
BRH:0
end_of_record
TN:
SF:src\lib\DB.ts
FN:6,(anonymous_0)
FN:16,(anonymous_1)
FNF:2
FNH:2
FNDA:2,(anonymous_0)
FNDA:4,(anonymous_1)
DA:4,2
DA:6,2
DA:7,2
DA:8,2
DA:9,2
DA:11,0
DA:12,0
DA:16,2
DA:17,4
DA:18,4
DA:19,4
DA:21,0
DA:22,0
LF:13
LH:9
BRF:0
BRH:0
end_of_record
TN:
SF:src\middlewares\auth.middleware.ts
FN:5,(anonymous_0)
FNF:1
FNH:1
FNDA:22,(anonymous_0)
DA:5,2
DA:6,22
DA:8,22
DA:10,4
DA:11,4
DA:14,18
DA:16,18
DA:17,18
DA:18,18
DA:19,18
DA:21,0
DA:22,0
DA:23,0
DA:25,0
DA:26,0
LF:15
LH:10
BRDA:8,0,0,4
BRDA:8,0,1,18
BRDA:17,1,0,18
BRDA:17,1,1,0
BRDA:21,2,0,0
BRDA:21,2,1,0
BRF:6
BRH:3
end_of_record
TN:
SF:src\middlewares\index.ts
FNF:0
FNH:0
LF:0
LH:0
BRF:0
BRH:0
end_of_record
TN:
SF:src\middlewares\role.middleware.ts
FN:5,(anonymous_0)
FN:6,(anonymous_1)
FNF:2
FNH:2
FNDA:36,(anonymous_0)
FNDA:18,(anonymous_1)
DA:5,2
DA:6,36
DA:7,18
DA:9,18
DA:10,0
DA:13,18
DA:14,0
DA:15,0
DA:17,18
LF:9
LH:6
BRDA:9,0,0,0
BRDA:9,0,1,18
BRDA:13,1,0,0
BRDA:13,1,1,18
BRDA:13,2,0,18
BRDA:13,2,1,18
BRF:6
BRH:4
end_of_record
TN:
SF:src\middlewares\validateSchema.middlewares.ts
FN:4,(anonymous_0)
FN:5,(anonymous_1)
FNF:2
FNH:2
FNDA:21,(anonymous_0)
FNDA:21,(anonymous_1)
DA:4,2
DA:5,21
DA:6,21
DA:7,21
DA:8,14
DA:10,7
DA:11,7
LF:7
LH:7
BRF:0
BRH:0
end_of_record
TN:
SF:src\routes\product.routes.ts
FN:20,(anonymous_0)
FN:23,(anonymous_1)
FN:26,(anonymous_2)
FN:29,(anonymous_3)
FN:36,(anonymous_4)
FN:39,(anonymous_5)
FN:42,(anonymous_6)
FN:45,(anonymous_7)
FN:52,(anonymous_8)
FN:55,(anonymous_9)
FN:58,(anonymous_10)
FN:61,(anonymous_11)
FN:68,(anonymous_12)
FN:71,(anonymous_13)
FN:74,(anonymous_14)
FN:77,(anonymous_15)
FNF:16
FNH:4
FNDA:7,(anonymous_0)
FNDA:1,(anonymous_1)
FNDA:4,(anonymous_2)
FNDA:3,(anonymous_3)
FNDA:0,(anonymous_4)
FNDA:0,(anonymous_5)
FNDA:0,(anonymous_6)
FNDA:0,(anonymous_7)
FNDA:0,(anonymous_8)
FNDA:0,(anonymous_9)
FNDA:0,(anonymous_10)
FNDA:0,(anonymous_11)
FNDA:0,(anonymous_12)
FNDA:0,(anonymous_13)
FNDA:0,(anonymous_14)
FNDA:0,(anonymous_15)
DA:9,2
DA:10,2
DA:11,2
DA:12,2
DA:13,2
DA:20,7
DA:23,2
DA:26,4
DA:29,3
DA:36,2
DA:39,2
DA:42,2
DA:45,2
DA:52,2
DA:55,2
DA:58,2
DA:61,2
DA:68,2
DA:71,2
DA:74,2
DA:77,2
LF:21
LH:21
BRF:0
BRH:0
end_of_record
TN:
SF:src\routes\user.routes.ts
FN:12,(anonymous_0)
FN:15,(anonymous_1)
FN:18,(anonymous_2)
FN:21,(anonymous_3)
FN:24,(anonymous_4)
FNF:5
FNH:1
FNDA:0,(anonymous_0)
FNDA:1,(anonymous_1)
FNDA:0,(anonymous_2)
FNDA:0,(anonymous_3)
FNDA:0,(anonymous_4)
DA:8,2
DA:9,2
DA:12,2
DA:15,2
DA:18,2
DA:21,2
DA:24,2
LF:7
LH:7
BRF:0
BRH:0
end_of_record
TN:
SF:src\schemas\index.ts
FNF:0
FNH:0
LF:0
LH:0
BRF:0
BRH:0
end_of_record
TN:
SF:src\schemas\user.schemas.ts
FNF:0
FNH:0
DA:3,7
DA:13,7
LF:2
LH:2
BRF:0
BRH:0
end_of_record
TN:
SF:src\schemas\products\container.schema.ts
FNF:0
FNH:0
DA:3,7
LF:1
LH:1
BRF:0
BRH:0
end_of_record
TN:
SF:src\schemas\products\fragrance.schema.ts
FNF:0
FNH:0
DA:3,7
LF:1
LH:1
BRF:0
BRH:0
end_of_record
TN:
SF:src\schemas\products\mood.schema.ts
FNF:0
FNH:0
DA:3,7
LF:1
LH:1
BRF:0
BRH:0
end_of_record
TN:
SF:src\schemas\products\moodFragrance.schema.ts
FNF:0
FNH:0
DA:3,7
LF:1
LH:1
BRF:0
BRH:0
end_of_record
TN:
SF:src\services\index.ts
FNF:0
FNH:0
LF:0
LH:0
BRF:0
BRH:0
end_of_record
TN:
SF:src\services\products\container.service.ts
FN:7,(anonymous_0)
FN:27,(anonymous_1)
FN:36,(anonymous_2)
FN:53,(anonymous_3)
FN:69,(anonymous_4)
FNF:5
FNH:5
FNDA:22,(anonymous_0)
FNDA:7,(anonymous_1)
FNDA:15,(anonymous_2)
FNDA:9,(anonymous_3)
FNDA:6,(anonymous_4)
DA:3,7
DA:13,22
DA:14,22
DA:21,22
DA:23,0
DA:28,7
DA:29,7
DA:30,7
DA:32,0
DA:37,15
DA:38,15
DA:42,15
DA:43,7
DA:46,8
DA:48,7
DA:49,7
DA:54,9
DA:55,9
DA:56,0
DA:58,5
DA:63,5
DA:65,4
DA:74,6
DA:75,6
DA:83,5
DA:85,1
LF:26
LH:23
BRDA:42,0,0,7
BRDA:42,0,1,8
BRDA:55,1,0,0
BRDA:55,1,1,5
BRF:4
BRH:3
end_of_record
TN:
SF:src\services\products\fragrance.service.ts
FN:7,(anonymous_0)
FN:29,(anonymous_1)
FN:38,(anonymous_2)
FN:55,(anonymous_3)
FN:71,(anonymous_4)
FNF:5
FNH:5
FNDA:26,(anonymous_0)
FNDA:6,(anonymous_1)
FNDA:12,(anonymous_2)
FNDA:6,(anonymous_3)
FNDA:3,(anonymous_4)
DA:3,7
DA:13,26
DA:14,26
DA:22,26
DA:24,0
DA:25,0
DA:30,6
DA:31,6
DA:32,6
DA:34,0
DA:39,12
DA:40,12
DA:44,12
DA:45,6
DA:48,6
DA:50,6
DA:51,6
DA:56,6
DA:57,6
DA:58,0
DA:60,3
DA:65,3
DA:67,3
DA:76,3
DA:77,3
DA:85,3
DA:87,0
LF:27
LH:22
BRDA:44,0,0,6
BRDA:44,0,1,6
BRDA:57,1,0,0
BRDA:57,1,1,3
BRF:4
BRH:3
end_of_record
TN:
SF:src\services\products\mood.service.ts
FN:8,(anonymous_0)
FN:27,(anonymous_1)
FN:36,(anonymous_2)
FN:51,(anonymous_3)
FN:67,(anonymous_4)
FNF:5
FNH:5
FNDA:27,(anonymous_0)
FNDA:6,(anonymous_1)
FNDA:12,(anonymous_2)
FNDA:6,(anonymous_3)
FNDA:3,(anonymous_4)
DA:3,7
DA:13,27
DA:14,27
DA:21,27
DA:23,0
DA:28,6
DA:29,6
DA:30,6
DA:32,0
DA:37,12
DA:38,12
DA:41,12
DA:42,6
DA:44,6
DA:46,6
DA:47,6
DA:52,6
DA:53,6
DA:54,0
DA:56,3
DA:61,3
DA:63,3
DA:71,3
DA:72,3
DA:79,3
DA:81,0
LF:26
LH:22
BRDA:41,0,0,6
BRDA:41,0,1,6
BRDA:53,1,0,0
BRDA:53,1,1,3
BRF:4
BRH:3
end_of_record
TN:
SF:src\services\products\mood_fragrance.service.ts
FN:9,(anonymous_0)
FN:24,(anonymous_1)
FN:32,(anonymous_2)
FN:47,(anonymous_3)
FN:53,(anonymous_4)
FN:80,(anonymous_5)
FNF:6
FNH:4
FNDA:12,(anonymous_0)
FNDA:12,(anonymous_1)
FNDA:0,(anonymous_2)
FNDA:0,(anonymous_3)
FNDA:14,(anonymous_4)
FNDA:3,(anonymous_5)
DA:3,7
DA:10,12
DA:11,12
DA:22,12
DA:24,12
DA:26,0
DA:33,0
DA:34,0
DA:45,0
DA:47,0
DA:49,0
DA:54,14
DA:55,14
DA:58,14
DA:59,1
DA:61,13
DA:64,13
DA:65,1
DA:67,12
DA:73,12
DA:75,2
DA:76,2
DA:81,3
DA:82,3
DA:85,3
DA:86,0
DA:89,3
DA:93,3
DA:94,0
DA:97,3
DA:105,3
DA:107,0
DA:108,0
LF:33
LH:23
BRDA:22,0,0,2
BRDA:22,0,1,10
BRDA:22,1,0,12
BRDA:22,1,1,11
BRDA:22,1,2,11
BRDA:45,2,0,0
BRDA:45,2,1,0
BRDA:45,3,0,0
BRDA:45,3,1,0
BRDA:58,4,0,1
BRDA:58,4,1,13
BRDA:64,5,0,1
BRDA:64,5,1,12
BRDA:85,6,0,0
BRDA:85,6,1,3
BRDA:93,7,0,0
BRDA:93,7,1,3
BRF:17
BRH:11
end_of_record
TN:
SF:src\services\user\user.service.ts
FN:10,(anonymous_0)
FN:23,(anonymous_1)
FN:36,(anonymous_2)
FN:64,(anonymous_3)
FN:104,(anonymous_4)
FN:115,(anonymous_5)
FN:128,(anonymous_6)
FN:145,(anonymous_7)
FNF:8
FNH:8
FNDA:19,(anonymous_0)
FNDA:2,(anonymous_1)
FNDA:4,(anonymous_2)
FNDA:15,(anonymous_3)
FNDA:6,(anonymous_4)
FNDA:17,(anonymous_5)
FNDA:6,(anonymous_6)
FNDA:6,(anonymous_7)
DA:6,7
DA:11,19
DA:12,19
DA:18,0
DA:19,0
DA:24,2
DA:25,2
DA:31,0
DA:32,0
DA:37,4
DA:38,4
DA:39,4
DA:40,1
DA:42,3
DA:43,1
DA:46,2
DA:48,2
DA:58,2
DA:59,2
DA:72,15
DA:74,15
DA:76,15
DA:78,0
DA:81,15
DA:82,15
DA:85,15
DA:96,15
DA:99,0
DA:105,6
DA:106,6
DA:107,6
DA:109,0
DA:110,0
DA:116,17
DA:117,17
DA:120,17
DA:122,0
DA:123,0
DA:129,6
DA:130,6
DA:131,6
DA:132,3
DA:134,3
DA:137,3
DA:139,3
DA:140,3
DA:146,6
DA:147,6
DA:148,6
DA:149,3
DA:153,3
DA:154,0
DA:157,3
DA:162,3
DA:165,3
DA:166,3
LF:56
LH:45
BRDA:27,0,0,2
BRDA:27,0,1,2
BRDA:39,1,0,1
BRDA:39,1,1,3
BRDA:42,2,0,1
BRDA:42,2,1,2
BRDA:76,3,0,0
BRDA:76,3,1,15
BRDA:81,4,0,15
BRDA:81,4,1,0
BRDA:131,5,0,3
BRDA:131,5,1,3
BRDA:148,6,0,3
BRDA:148,6,1,3
BRDA:153,7,0,0
BRDA:153,7,1,3
BRF:16
BRH:13
end_of_record
TN:
SF:src\utils\testServer.ts
FN:5,testServer
FNF:1
FNH:1
FNDA:2,testServer
DA:6,2
LF:1
LH:1
BRF:0
BRH:0
end_of_record
